#
# There is insufficient memory for the Java Runtime Environment to continue.
# Native memory allocation (mmap) failed to map 303038464 bytes for committing reserved memory.
# Possible reasons:
#   The system is out of physical RAM or swap space
#   The process is running with CompressedOops enabled, and the Java Heap may be blocking the growth of the native heap
# Possible solutions:
#   Reduce memory load on the system
#   Increase physical memory or swap space
#   Check if swap backing store is full
#   Decrease Java heap size (-Xmx/-Xms)
#   Decrease number of Java threads
#   Decrease Java thread stack sizes (-Xss)
#   Set larger code cache with -XX:ReservedCodeCacheSize=
#   JVM is running with Unscaled Compressed Oops mode in which the Java heap is
#     placed in the first 4GB address space. The Java Heap base address is the
#     maximum limit for the native heap growth. Please use -XX:HeapBaseMinAddress
#     to set the Java Heap base and to place the Java Heap above 4GB virtual address.
# This output file may be truncated or incomplete.
#
#  Out of Memory Error (os_linux.cpp:2720), pid=11761, tid=11764
#
# JRE version: Java(TM) SE Runtime Environment (11.0.2+9) (build 11.0.2+9-LTS)
# Java VM: Java HotSpot(TM) 64-Bit Server VM (11.0.2+9-LTS, mixed mode, tiered, compressed oops, g1 gc, linux-amd64)
# Core dump will be written. Default location: Core dumps may be processed with "/usr/share/apport/apport %p %s %c %d %P" (or dumping to /home/marcos/NetBeansProjects/javazinho/core.11761)
#

---------------  S U M M A R Y ------------

Command Line: -Dfile.encoding=UTF-8 lexer.LexerAluno

Host: Intel(R) Core(TM) i7-3770 CPU @ 3.40GHz, 4 cores, 4G, Ubuntu 18.04.2 LTS
Time: Tue Mar 12 14:32:32 2019 -03 elapsed time: 254 seconds (0d 0h 4m 14s)

---------------  T H R E A D  ---------------

Current thread (0x00007f53f0012000):  JavaThread "main" [_thread_in_vm, id=11764, stack(0x00007f53f965a000,0x00007f53f975b000)]

Stack: [0x00007f53f965a000,0x00007f53f975b000],  sp=0x00007f53f9758e60,  free space=1019k
Native frames: (J=compiled Java code, A=aot compiled Java code, j=interpreted, Vv=VM code, C=native code)
V  [libjvm.so+0xe293b7]  VMError::report_and_die(int, char const*, char const*, __va_list_tag*, Thread*, unsigned char*, void*, void*, char const*, int, unsigned long)+0x317
V  [libjvm.so+0xe2a01b]  VMError::report_and_die(Thread*, char const*, int, unsigned long, VMErrorType, char const*, __va_list_tag*)+0x2b
V  [libjvm.so+0x69a4c5]  report_vm_out_of_memory(char const*, int, unsigned long, VMErrorType, char const*, ...)+0xd5
V  [libjvm.so+0xc03898]  os::pd_commit_memory_or_exit(char*, unsigned long, unsigned long, bool, char const*)+0x108
V  [libjvm.so+0xbfadfd]  os::commit_memory_or_exit(char*, unsigned long, unsigned long, bool, char const*)+0x1d
V  [libjvm.so+0x7b321c]  G1PageBasedVirtualSpace::commit_preferred_pages(unsigned long, unsigned long)+0x6c
V  [libjvm.so+0x7b34be]  G1PageBasedVirtualSpace::commit(unsigned long, unsigned long)+0x5e
V  [libjvm.so+0x7bf290]  G1RegionsLargerThanCommitSizeMapper::commit_regions(unsigned int, unsigned long, WorkGang*)+0x40
V  [libjvm.so+0x83acd9]  HeapRegionManager::commit_regions(unsigned int, unsigned long, WorkGang*)+0x89
V  [libjvm.so+0x83b92f]  HeapRegionManager::make_regions_available(unsigned int, unsigned int, WorkGang*)+0x3f
V  [libjvm.so+0x83bdb9]  HeapRegionManager::expand_at(unsigned int, unsigned int, WorkGang*) [clone .part.44]+0x119
V  [libjvm.so+0x778ea5]  G1CollectedHeap::humongous_obj_allocate(unsigned long)+0xb5
V  [libjvm.so+0x779fd3]  G1CollectedHeap::attempt_allocation_humongous(unsigned long)+0xc3
V  [libjvm.so+0x77ad45]  G1CollectedHeap::mem_allocate(unsigned long, bool*)+0x105
V  [libjvm.so+0xb4cf44]  MemAllocator::allocate() const+0x94
V  [libjvm.so+0x60b384]  CollectedHeap::array_allocate(Klass*, int, int, bool, Thread*)+0x44
V  [libjvm.so+0xde0968]  TypeArrayKlass::allocate_common(int, bool, Thread*)+0x88
V  [libjvm.so+0xcc76c6]  OptoRuntime::new_array_nozero_C(Klass*, int, JavaThread*)+0x26

Java frames: (J=compiled Java code, j=interpreted, Vv=VM code)
v  ~RuntimeStub::_new_array_nozero_Java
J 344% c2 lexer.LexerAluno.proxToken()Llexer/Token; (1192 bytes) @ 0x00007f53e07260f4 [0x00007f53e0725d00+0x00000000000003f4]
j  lexer.LexerAluno.main([Ljava/lang/String;)V+21
v  ~StubRoutines::call_stub

---------------  P R O C E S S  ---------------

Threads class SMR info:
_java_thread_list=0x00007f5394004ad0, length=9, elements={
0x00007f53f0012000, 0x00007f53f0118000, 0x00007f53f011c800, 0x00007f53f0130000,
0x00007f53f0132000, 0x00007f53f0134000, 0x00007f53f0136000, 0x00007f53f01b5000,
0x00007f53f01c6800
}

Java Threads: ( => current thread )
=>0x00007f53f0012000 JavaThread "main" [_thread_in_vm, id=11764, stack(0x00007f53f965a000,0x00007f53f975b000)]
  0x00007f53f0118000 JavaThread "Reference Handler" daemon [_thread_blocked, id=11772, stack(0x00007f53f4502000,0x00007f53f4603000)]
  0x00007f53f011c800 JavaThread "Finalizer" daemon [_thread_blocked, id=11773, stack(0x00007f53f4401000,0x00007f53f4502000)]
  0x00007f53f0130000 JavaThread "Signal Dispatcher" daemon [_thread_blocked, id=11774, stack(0x00007f53f4300000,0x00007f53f4401000)]
  0x00007f53f0132000 JavaThread "C2 CompilerThread0" daemon [_thread_blocked, id=11775, stack(0x00007f53f41ff000,0x00007f53f4300000)]
  0x00007f53f0134000 JavaThread "C1 CompilerThread0" daemon [_thread_blocked, id=11776, stack(0x00007f53f40fe000,0x00007f53f41ff000)]
  0x00007f53f0136000 JavaThread "Sweeper thread" daemon [_thread_blocked, id=11777, stack(0x00007f53d8341000,0x00007f53d8442000)]
  0x00007f53f01b5000 JavaThread "Service Thread" daemon [_thread_blocked, id=11778, stack(0x00007f53d8240000,0x00007f53d8341000)]
  0x00007f53f01c6800 JavaThread "Common-Cleaner" daemon [_thread_blocked, id=11780, stack(0x00007f53d803d000,0x00007f53d813e000)]

Other Threads:
  0x00007f53f0110000 VMThread "VM Thread" [stack: 0x00007f53f4605000,0x00007f53f4705000] [id=11771]
  0x00007f53f01c0000 WatcherThread [stack: 0x00007f53d8140000,0x00007f53d8240000] [id=11779]
  0x00007f53f0039800 GCTaskThread "GC Thread#0" [stack: 0x00007f53f5b64000,0x00007f53f5c64000] [id=11766]
  0x00007f53bc001000 GCTaskThread "GC Thread#1" [stack: 0x00007f53d0857000,0x00007f53d0957000] [id=11783]
  0x00007f53bc004800 GCTaskThread "GC Thread#2" [stack: 0x00007f53d0755000,0x00007f53d0855000] [id=11797]
  0x00007f53bc004000 GCTaskThread "GC Thread#3" [stack: 0x00007f53d0653000,0x00007f53d0753000] [id=11815]
  0x00007f53f005b000 ConcurrentGCThread "G1 Main Marker" [stack: 0x00007f53f4eed000,0x00007f53f4fed000] [id=11767]
  0x00007f53f005d000 ConcurrentGCThread "G1 Conc#0" [stack: 0x00007f53f4deb000,0x00007f53f4eeb000] [id=11768]
  0x00007f53f00af800 ConcurrentGCThread "G1 Refine#0" [stack: 0x00007f53f48e5000,0x00007f53f49e5000] [id=11769]
  0x00007f53f00b1000 ConcurrentGCThread "G1 Young RemSet Sampling" [stack: 0x00007f53f47e3000,0x00007f53f48e3000] [id=11770]

Threads with active compile tasks:

VM state:not at safepoint (normal execution)

VM Mutex/Monitor currently owned by a thread:  ([mutex/lock_event])
[0x00007f53f000e780] Heap_lock - owner thread: 0x00007f53f0012000

Heap address: 0x00000000b0a00000, size: 1270 MB, Compressed Oops mode: 32-bit
Narrow klass base: 0x0000000000000000, Narrow klass shift: 3
Compressed class space size: 1073741824 Address: 0x0000000100000000

Heap:
 garbage-first heap   total 601088K, used 149445K [0x00000000b0a00000, 0x0000000100000000)
  region size 1024K, 1 young (1024K), 1 survivors (1024K)
 Metaspace       used 5495K, capacity 5686K, committed 6016K, reserved 1056768K
  class space    used 488K, capacity 552K, committed 640K, reserved 1048576K
Heap Regions: E=young(eden), S=young(survivor), O=old, HS=humongous(starts), HC=humongous(continues), CS=collection set, F=free, A=archive, TAMS=top-at-mark-start (previous, next)
|   0|0x00000000b0a00000, 0x00000000b0a00000, 0x00000000b0b00000|  0%| F|  |TAMS 0x00000000b0a00000, 0x00000000b0a00000| Untracked 
|   1|0x00000000b0b00000, 0x00000000b0b00000, 0x00000000b0c00000|  0%| F|  |TAMS 0x00000000b0b00000, 0x00000000b0b00000| Untracked 
|   2|0x00000000b0c00000, 0x00000000b0c00000, 0x00000000b0d00000|  0%| F|  |TAMS 0x00000000b0c00000, 0x00000000b0c00000| Untracked 
|   3|0x00000000b0d00000, 0x00000000b0d00000, 0x00000000b0e00000|  0%| F|  |TAMS 0x00000000b0d00000, 0x00000000b0d00000| Untracked 
|   4|0x00000000b0e00000, 0x00000000b0e00000, 0x00000000b0f00000|  0%| F|  |TAMS 0x00000000b0e00000, 0x00000000b0e00000| Untracked 
|   5|0x00000000b0f00000, 0x00000000b0f00000, 0x00000000b1000000|  0%| F|  |TAMS 0x00000000b0f00000, 0x00000000b0f00000| Untracked 
|   6|0x00000000b1000000, 0x00000000b1000000, 0x00000000b1100000|  0%| F|  |TAMS 0x00000000b1000000, 0x00000000b1000000| Untracked 
|   7|0x00000000b1100000, 0x00000000b1100000, 0x00000000b1200000|  0%| F|  |TAMS 0x00000000b1100000, 0x00000000b1100000| Untracked 
|   8|0x00000000b1200000, 0x00000000b1200000, 0x00000000b1300000|  0%| F|  |TAMS 0x00000000b1200000, 0x00000000b1200000| Untracked 
|   9|0x00000000b1300000, 0x00000000b1300000, 0x00000000b1400000|  0%| F|  |TAMS 0x00000000b1300000, 0x00000000b1300000| Untracked 
|  10|0x00000000b1400000, 0x00000000b1400000, 0x00000000b1500000|  0%| F|  |TAMS 0x00000000b1400000, 0x00000000b1400000| Untracked 
|  11|0x00000000b1500000, 0x00000000b1500000, 0x00000000b1600000|  0%| F|  |TAMS 0x00000000b1500000, 0x00000000b1500000| Untracked 
|  12|0x00000000b1600000, 0x00000000b1600000, 0x00000000b1700000|  0%| F|  |TAMS 0x00000000b1600000, 0x00000000b1600000| Untracked 
|  13|0x00000000b1700000, 0x00000000b1700000, 0x00000000b1800000|  0%| F|  |TAMS 0x00000000b1700000, 0x00000000b1700000| Untracked 
|  14|0x00000000b1800000, 0x00000000b1800000, 0x00000000b1900000|  0%| F|  |TAMS 0x00000000b1800000, 0x00000000b1800000| Untracked 
|  15|0x00000000b1900000, 0x00000000b1900000, 0x00000000b1a00000|  0%| F|  |TAMS 0x00000000b1900000, 0x00000000b1900000| Untracked 
|  16|0x00000000b1a00000, 0x00000000b1a00000, 0x00000000b1b00000|  0%| F|  |TAMS 0x00000000b1a00000, 0x00000000b1a00000| Untracked 
|  17|0x00000000b1b00000, 0x00000000b1b00000, 0x00000000b1c00000|  0%| F|  |TAMS 0x00000000b1b00000, 0x00000000b1b00000| Untracked 
|  18|0x00000000b1c00000, 0x00000000b1c00000, 0x00000000b1d00000|  0%| F|  |TAMS 0x00000000b1c00000, 0x00000000b1c00000| Untracked 
|  19|0x00000000b1d00000, 0x00000000b1d00000, 0x00000000b1e00000|  0%| F|  |TAMS 0x00000000b1d00000, 0x00000000b1d00000| Untracked 
|  20|0x00000000b1e00000, 0x00000000b1e00000, 0x00000000b1f00000|  0%| F|  |TAMS 0x00000000b1e00000, 0x00000000b1e00000| Untracked 
|  21|0x00000000b1f00000, 0x00000000b1f00000, 0x00000000b2000000|  0%| F|  |TAMS 0x00000000b1f00000, 0x00000000b1f00000| Untracked 
|  22|0x00000000b2000000, 0x00000000b2000000, 0x00000000b2100000|  0%| F|  |TAMS 0x00000000b2000000, 0x00000000b2000000| Untracked 
|  23|0x00000000b2100000, 0x00000000b2100000, 0x00000000b2200000|  0%| F|  |TAMS 0x00000000b2100000, 0x00000000b2100000| Untracked 
|  24|0x00000000b2200000, 0x00000000b2200000, 0x00000000b2300000|  0%| F|  |TAMS 0x00000000b2200000, 0x00000000b2200000| Untracked 
|  25|0x00000000b2300000, 0x00000000b2300000, 0x00000000b2400000|  0%| F|  |TAMS 0x00000000b2300000, 0x00000000b2300000| Untracked 
|  26|0x00000000b2400000, 0x00000000b2400000, 0x00000000b2500000|  0%| F|  |TAMS 0x00000000b2400000, 0x00000000b2400000| Untracked 
|  27|0x00000000b2500000, 0x00000000b2500000, 0x00000000b2600000|  0%| F|  |TAMS 0x00000000b2500000, 0x00000000b2500000| Untracked 
|  28|0x00000000b2600000, 0x00000000b2600000, 0x00000000b2700000|  0%| F|  |TAMS 0x00000000b2600000, 0x00000000b2600000| Untracked 
|  29|0x00000000b2700000, 0x00000000b2700000, 0x00000000b2800000|  0%| F|  |TAMS 0x00000000b2700000, 0x00000000b2700000| Untracked 
|  30|0x00000000b2800000, 0x00000000b2800000, 0x00000000b2900000|  0%| F|  |TAMS 0x00000000b2800000, 0x00000000b2800000| Untracked 
|  31|0x00000000b2900000, 0x00000000b2900000, 0x00000000b2a00000|  0%| F|  |TAMS 0x00000000b2900000, 0x00000000b2900000| Untracked 
|  32|0x00000000b2a00000, 0x00000000b2a00000, 0x00000000b2b00000|  0%| F|  |TAMS 0x00000000b2a00000, 0x00000000b2a00000| Untracked 
|  33|0x00000000b2b00000, 0x00000000b2b00000, 0x00000000b2c00000|  0%| F|  |TAMS 0x00000000b2b00000, 0x00000000b2b00000| Untracked 
|  34|0x00000000b2c00000, 0x00000000b2c00000, 0x00000000b2d00000|  0%| F|  |TAMS 0x00000000b2c00000, 0x00000000b2c00000| Untracked 
|  35|0x00000000b2d00000, 0x00000000b2d00000, 0x00000000b2e00000|  0%| F|  |TAMS 0x00000000b2d00000, 0x00000000b2d00000| Untracked 
|  36|0x00000000b2e00000, 0x00000000b2e00000, 0x00000000b2f00000|  0%| F|  |TAMS 0x00000000b2e00000, 0x00000000b2e00000| Untracked 
|  37|0x00000000b2f00000, 0x00000000b2f00000, 0x00000000b3000000|  0%| F|  |TAMS 0x00000000b2f00000, 0x00000000b2f00000| Untracked 
|  38|0x00000000b3000000, 0x00000000b3000000, 0x00000000b3100000|  0%| F|  |TAMS 0x00000000b3000000, 0x00000000b3000000| Untracked 
|  39|0x00000000b3100000, 0x00000000b3100000, 0x00000000b3200000|  0%| F|  |TAMS 0x00000000b3100000, 0x00000000b3100000| Untracked 
|  40|0x00000000b3200000, 0x00000000b3200000, 0x00000000b3300000|  0%| F|  |TAMS 0x00000000b3200000, 0x00000000b3200000| Untracked 
|  41|0x00000000b3300000, 0x00000000b3300000, 0x00000000b3400000|  0%| F|  |TAMS 0x00000000b3300000, 0x00000000b3300000| Untracked 
|  42|0x00000000b3400000, 0x00000000b3400000, 0x00000000b3500000|  0%| F|  |TAMS 0x00000000b3400000, 0x00000000b3400000| Untracked 
|  43|0x00000000b3500000, 0x00000000b3500000, 0x00000000b3600000|  0%| F|  |TAMS 0x00000000b3500000, 0x00000000b3500000| Untracked 
|  44|0x00000000b3600000, 0x00000000b3600000, 0x00000000b3700000|  0%| F|  |TAMS 0x00000000b3600000, 0x00000000b3600000| Untracked 
|  45|0x00000000b3700000, 0x00000000b3700000, 0x00000000b3800000|  0%| F|  |TAMS 0x00000000b3700000, 0x00000000b3700000| Untracked 
|  46|0x00000000b3800000, 0x00000000b3800000, 0x00000000b3900000|  0%| F|  |TAMS 0x00000000b3800000, 0x00000000b3800000| Untracked 
|  47|0x00000000b3900000, 0x00000000b3900000, 0x00000000b3a00000|  0%| F|  |TAMS 0x00000000b3900000, 0x00000000b3900000| Untracked 
|  48|0x00000000b3a00000, 0x00000000b3a00000, 0x00000000b3b00000|  0%| F|  |TAMS 0x00000000b3a00000, 0x00000000b3a00000| Untracked 
|  49|0x00000000b3b00000, 0x00000000b3b00000, 0x00000000b3c00000|  0%| F|  |TAMS 0x00000000b3b00000, 0x00000000b3b00000| Untracked 
|  50|0x00000000b3c00000, 0x00000000b3c00000, 0x00000000b3d00000|  0%| F|  |TAMS 0x00000000b3c00000, 0x00000000b3c00000| Untracked 
|  51|0x00000000b3d00000, 0x00000000b3d00000, 0x00000000b3e00000|  0%| F|  |TAMS 0x00000000b3d00000, 0x00000000b3d00000| Untracked 
|  52|0x00000000b3e00000, 0x00000000b3e00000, 0x00000000b3f00000|  0%| F|  |TAMS 0x00000000b3e00000, 0x00000000b3e00000| Untracked 
|  53|0x00000000b3f00000, 0x00000000b3f00000, 0x00000000b4000000|  0%| F|  |TAMS 0x00000000b3f00000, 0x00000000b3f00000| Untracked 
|  54|0x00000000b4000000, 0x00000000b4000000, 0x00000000b4100000|  0%| F|  |TAMS 0x00000000b4000000, 0x00000000b4000000| Untracked 
|  55|0x00000000b4100000, 0x00000000b4100000, 0x00000000b4200000|  0%| F|  |TAMS 0x00000000b4100000, 0x00000000b4100000| Untracked 
|  56|0x00000000b4200000, 0x00000000b4200000, 0x00000000b4300000|  0%| F|  |TAMS 0x00000000b4200000, 0x00000000b4200000| Untracked 
|  57|0x00000000b4300000, 0x00000000b4300000, 0x00000000b4400000|  0%| F|  |TAMS 0x00000000b4300000, 0x00000000b4300000| Untracked 
|  58|0x00000000b4400000, 0x00000000b4400000, 0x00000000b4500000|  0%| F|  |TAMS 0x00000000b4400000, 0x00000000b4400000| Untracked 
|  59|0x00000000b4500000, 0x00000000b4500000, 0x00000000b4600000|  0%| F|  |TAMS 0x00000000b4500000, 0x00000000b4500000| Untracked 
|  60|0x00000000b4600000, 0x00000000b4600000, 0x00000000b4700000|  0%| F|  |TAMS 0x00000000b4600000, 0x00000000b4600000| Untracked 
|  61|0x00000000b4700000, 0x00000000b4700000, 0x00000000b4800000|  0%| F|  |TAMS 0x00000000b4700000, 0x00000000b4700000| Untracked 
|  62|0x00000000b4800000, 0x00000000b4800000, 0x00000000b4900000|  0%| F|  |TAMS 0x00000000b4800000, 0x00000000b4800000| Untracked 
|  63|0x00000000b4900000, 0x00000000b4900000, 0x00000000b4a00000|  0%| F|  |TAMS 0x00000000b4900000, 0x00000000b4900000| Untracked 
|  64|0x00000000b4a00000, 0x00000000b4a00000, 0x00000000b4b00000|  0%| F|  |TAMS 0x00000000b4a00000, 0x00000000b4a00000| Untracked 
|  65|0x00000000b4b00000, 0x00000000b4b00000, 0x00000000b4c00000|  0%| F|  |TAMS 0x00000000b4b00000, 0x00000000b4b00000| Untracked 
|  66|0x00000000b4c00000, 0x00000000b4c00000, 0x00000000b4d00000|  0%| F|  |TAMS 0x00000000b4c00000, 0x00000000b4c00000| Untracked 
|  67|0x00000000b4d00000, 0x00000000b4d00000, 0x00000000b4e00000|  0%| F|  |TAMS 0x00000000b4d00000, 0x00000000b4d00000| Untracked 
|  68|0x00000000b4e00000, 0x00000000b4e00000, 0x00000000b4f00000|  0%| F|  |TAMS 0x00000000b4e00000, 0x00000000b4e00000| Untracked 
|  69|0x00000000b4f00000, 0x00000000b4f00000, 0x00000000b5000000|  0%| F|  |TAMS 0x00000000b4f00000, 0x00000000b4f00000| Untracked 
|  70|0x00000000b5000000, 0x00000000b5000000, 0x00000000b5100000|  0%| F|  |TAMS 0x00000000b5000000, 0x00000000b5000000| Untracked 
|  71|0x00000000b5100000, 0x00000000b5100000, 0x00000000b5200000|  0%| F|  |TAMS 0x00000000b5100000, 0x00000000b5100000| Untracked 
|  72|0x00000000b5200000, 0x00000000b5200000, 0x00000000b5300000|  0%| F|  |TAMS 0x00000000b5200000, 0x00000000b5200000| Untracked 
|  73|0x00000000b5300000, 0x00000000b5300000, 0x00000000b5400000|  0%| F|  |TAMS 0x00000000b5300000, 0x00000000b5300000| Untracked 
|  74|0x00000000b5400000, 0x00000000b5400000, 0x00000000b5500000|  0%| F|  |TAMS 0x00000000b5400000, 0x00000000b5400000| Untracked 
|  75|0x00000000b5500000, 0x00000000b5500000, 0x00000000b5600000|  0%| F|  |TAMS 0x00000000b5500000, 0x00000000b5500000| Untracked 
|  76|0x00000000b5600000, 0x00000000b5600000, 0x00000000b5700000|  0%| F|  |TAMS 0x00000000b5600000, 0x00000000b5600000| Untracked 
|  77|0x00000000b5700000, 0x00000000b5700000, 0x00000000b5800000|  0%| F|  |TAMS 0x00000000b5700000, 0x00000000b5700000| Untracked 
|  78|0x00000000b5800000, 0x00000000b58f1500, 0x00000000b5900000| 94%| S|CS|TAMS 0x00000000b5800000, 0x00000000b5800000| Complete 
|  79|0x00000000b5900000, 0x00000000b5900000, 0x00000000b5a00000|  0%| F|  |TAMS 0x00000000b5900000, 0x00000000b5900000| Untracked 
|  80|0x00000000b5a00000, 0x00000000b5a00000, 0x00000000b5b00000|  0%| F|  |TAMS 0x00000000b5a00000, 0x00000000b5a00000| Untracked 
|  81|0x00000000b5b00000, 0x00000000b5b00000, 0x00000000b5c00000|  0%| F|  |TAMS 0x00000000b5b00000, 0x00000000b5b00000| Untracked 
|  82|0x00000000b5c00000, 0x00000000b5c00000, 0x00000000b5d00000|  0%| F|  |TAMS 0x00000000b5c00000, 0x00000000b5c00000| Untracked 
|  83|0x00000000b5d00000, 0x00000000b5d00000, 0x00000000b5e00000|  0%| F|  |TAMS 0x00000000b5d00000, 0x00000000b5d00000| Untracked 
|  84|0x00000000b5e00000, 0x00000000b5e00000, 0x00000000b5f00000|  0%| F|  |TAMS 0x00000000b5e00000, 0x00000000b5e00000| Untracked 
|  85|0x00000000b5f00000, 0x00000000b5f00000, 0x00000000b6000000|  0%| F|  |TAMS 0x00000000b5f00000, 0x00000000b5f00000| Untracked 
|  86|0x00000000b6000000, 0x00000000b6000000, 0x00000000b6100000|  0%| F|  |TAMS 0x00000000b6000000, 0x00000000b6000000| Untracked 
|  87|0x00000000b6100000, 0x00000000b6100000, 0x00000000b6200000|  0%| F|  |TAMS 0x00000000b6100000, 0x00000000b6100000| Untracked 
|  88|0x00000000b6200000, 0x00000000b6200000, 0x00000000b6300000|  0%| F|  |TAMS 0x00000000b6200000, 0x00000000b6200000| Untracked 
|  89|0x00000000b6300000, 0x00000000b6300000, 0x00000000b6400000|  0%| F|  |TAMS 0x00000000b6300000, 0x00000000b6300000| Untracked 
|  90|0x00000000b6400000, 0x00000000b6400000, 0x00000000b6500000|  0%| F|  |TAMS 0x00000000b6400000, 0x00000000b6400000| Untracked 
|  91|0x00000000b6500000, 0x00000000b6500000, 0x00000000b6600000|  0%| F|  |TAMS 0x00000000b6500000, 0x00000000b6500000| Untracked 
|  92|0x00000000b6600000, 0x00000000b6600000, 0x00000000b6700000|  0%| F|  |TAMS 0x00000000b6600000, 0x00000000b6600000| Untracked 
|  93|0x00000000b6700000, 0x00000000b6700000, 0x00000000b6800000|  0%| F|  |TAMS 0x00000000b6700000, 0x00000000b6700000| Untracked 
|  94|0x00000000b6800000, 0x00000000b6800000, 0x00000000b6900000|  0%| F|  |TAMS 0x00000000b6800000, 0x00000000b6800000| Untracked 
|  95|0x00000000b6900000, 0x00000000b6900000, 0x00000000b6a00000|  0%| F|  |TAMS 0x00000000b6900000, 0x00000000b6900000| Untracked 
|  96|0x00000000b6a00000, 0x00000000b6a00000, 0x00000000b6b00000|  0%| F|  |TAMS 0x00000000b6a00000, 0x00000000b6a00000| Untracked 
|  97|0x00000000b6b00000, 0x00000000b6b00000, 0x00000000b6c00000|  0%| F|  |TAMS 0x00000000b6b00000, 0x00000000b6b00000| Untracked 
|  98|0x00000000b6c00000, 0x00000000b6c00000, 0x00000000b6d00000|  0%| F|  |TAMS 0x00000000b6c00000, 0x00000000b6c00000| Untracked 
|  99|0x00000000b6d00000, 0x00000000b6d00000, 0x00000000b6e00000|  0%| F|  |TAMS 0x00000000b6d00000, 0x00000000b6d00000| Untracked 
| 100|0x00000000b6e00000, 0x00000000b6e00000, 0x00000000b6f00000|  0%| F|  |TAMS 0x00000000b6e00000, 0x00000000b6e00000| Untracked 
| 101|0x00000000b6f00000, 0x00000000b6f00000, 0x00000000b7000000|  0%| F|  |TAMS 0x00000000b6f00000, 0x00000000b6f00000| Untracked 
| 102|0x00000000b7000000, 0x00000000b7000000, 0x00000000b7100000|  0%| F|  |TAMS 0x00000000b7000000, 0x00000000b7000000| Untracked 
| 103|0x00000000b7100000, 0x00000000b7100000, 0x00000000b7200000|  0%| F|  |TAMS 0x00000000b7100000, 0x00000000b7100000| Untracked 
| 104|0x00000000b7200000, 0x00000000b7200000, 0x00000000b7300000|  0%| F|  |TAMS 0x00000000b7200000, 0x00000000b7200000| Untracked 
| 105|0x00000000b7300000, 0x00000000b7300000, 0x00000000b7400000|  0%| F|  |TAMS 0x00000000b7300000, 0x00000000b7300000| Untracked 
| 106|0x00000000b7400000, 0x00000000b7400000, 0x00000000b7500000|  0%| F|  |TAMS 0x00000000b7400000, 0x00000000b7400000| Untracked 
| 107|0x00000000b7500000, 0x00000000b7500000, 0x00000000b7600000|  0%| F|  |TAMS 0x00000000b7500000, 0x00000000b7500000| Untracked 
| 108|0x00000000b7600000, 0x00000000b7600000, 0x00000000b7700000|  0%| F|  |TAMS 0x00000000b7600000, 0x00000000b7600000| Untracked 
| 109|0x00000000b7700000, 0x00000000b7700000, 0x00000000b7800000|  0%| F|  |TAMS 0x00000000b7700000, 0x00000000b7700000| Untracked 
| 110|0x00000000b7800000, 0x00000000b7800000, 0x00000000b7900000|  0%| F|  |TAMS 0x00000000b7800000, 0x00000000b7800000| Untracked 
| 111|0x00000000b7900000, 0x00000000b7900000, 0x00000000b7a00000|  0%| F|  |TAMS 0x00000000b7900000, 0x00000000b7900000| Untracked 
| 112|0x00000000b7a00000, 0x00000000b7a00000, 0x00000000b7b00000|  0%| F|  |TAMS 0x00000000b7a00000, 0x00000000b7a00000| Untracked 
| 113|0x00000000b7b00000, 0x00000000b7b00000, 0x00000000b7c00000|  0%| F|  |TAMS 0x00000000b7b00000, 0x00000000b7b00000| Untracked 
| 114|0x00000000b7c00000, 0x00000000b7c00000, 0x00000000b7d00000|  0%| F|  |TAMS 0x00000000b7c00000, 0x00000000b7c00000| Untracked 
| 115|0x00000000b7d00000, 0x00000000b7d00000, 0x00000000b7e00000|  0%| F|  |TAMS 0x00000000b7d00000, 0x00000000b7d00000| Untracked 
| 116|0x00000000b7e00000, 0x00000000b7e00000, 0x00000000b7f00000|  0%| F|  |TAMS 0x00000000b7e00000, 0x00000000b7e00000| Untracked 
| 117|0x00000000b7f00000, 0x00000000b7f00000, 0x00000000b8000000|  0%| F|  |TAMS 0x00000000b7f00000, 0x00000000b7f00000| Untracked 
| 118|0x00000000b8000000, 0x00000000b8000000, 0x00000000b8100000|  0%| F|  |TAMS 0x00000000b8000000, 0x00000000b8000000| Untracked 
| 119|0x00000000b8100000, 0x00000000b8100000, 0x00000000b8200000|  0%| F|  |TAMS 0x00000000b8100000, 0x00000000b8100000| Untracked 
| 120|0x00000000b8200000, 0x00000000b8200000, 0x00000000b8300000|  0%| F|  |TAMS 0x00000000b8200000, 0x00000000b8200000| Untracked 
| 121|0x00000000b8300000, 0x00000000b8300000, 0x00000000b8400000|  0%| F|  |TAMS 0x00000000b8300000, 0x00000000b8300000| Untracked 
| 122|0x00000000b8400000, 0x00000000b8400000, 0x00000000b8500000|  0%| F|  |TAMS 0x00000000b8400000, 0x00000000b8400000| Untracked 
| 123|0x00000000b8500000, 0x00000000b8500000, 0x00000000b8600000|  0%| F|  |TAMS 0x00000000b8500000, 0x00000000b8500000| Untracked 
| 124|0x00000000b8600000, 0x00000000b8600000, 0x00000000b8700000|  0%| F|  |TAMS 0x00000000b8600000, 0x00000000b8600000| Untracked 
| 125|0x00000000b8700000, 0x00000000b8700000, 0x00000000b8800000|  0%| F|  |TAMS 0x00000000b8700000, 0x00000000b8700000| Untracked 
| 126|0x00000000b8800000, 0x00000000b8800000, 0x00000000b8900000|  0%| F|  |TAMS 0x00000000b8800000, 0x00000000b8800000| Untracked 
| 127|0x00000000b8900000, 0x00000000b8900000, 0x00000000b8a00000|  0%| F|  |TAMS 0x00000000b8900000, 0x00000000b8900000| Untracked 
| 128|0x00000000b8a00000, 0x00000000b8a00000, 0x00000000b8b00000|  0%| F|  |TAMS 0x00000000b8a00000, 0x00000000b8a00000| Untracked 
| 129|0x00000000b8b00000, 0x00000000b8b00000, 0x00000000b8c00000|  0%| F|  |TAMS 0x00000000b8b00000, 0x00000000b8b00000| Untracked 
| 130|0x00000000b8c00000, 0x00000000b8c00000, 0x00000000b8d00000|  0%| F|  |TAMS 0x00000000b8c00000, 0x00000000b8c00000| Untracked 
| 131|0x00000000b8d00000, 0x00000000b8d00000, 0x00000000b8e00000|  0%| F|  |TAMS 0x00000000b8d00000, 0x00000000b8d00000| Untracked 
| 132|0x00000000b8e00000, 0x00000000b8e00000, 0x00000000b8f00000|  0%| F|  |TAMS 0x00000000b8e00000, 0x00000000b8e00000| Untracked 
| 133|0x00000000b8f00000, 0x00000000b8f00000, 0x00000000b9000000|  0%| F|  |TAMS 0x00000000b8f00000, 0x00000000b8f00000| Untracked 
| 134|0x00000000b9000000, 0x00000000b9000000, 0x00000000b9100000|  0%| F|  |TAMS 0x00000000b9000000, 0x00000000b9000000| Untracked 
| 135|0x00000000b9100000, 0x00000000b9100000, 0x00000000b9200000|  0%| F|  |TAMS 0x00000000b9100000, 0x00000000b9100000| Untracked 
| 136|0x00000000b9200000, 0x00000000b9200000, 0x00000000b9300000|  0%| F|  |TAMS 0x00000000b9200000, 0x00000000b9200000| Untracked 
| 137|0x00000000b9300000, 0x00000000b9300000, 0x00000000b9400000|  0%| F|  |TAMS 0x00000000b9300000, 0x00000000b9300000| Untracked 
| 138|0x00000000b9400000, 0x00000000b9400000, 0x00000000b9500000|  0%| F|  |TAMS 0x00000000b9400000, 0x00000000b9400000| Untracked 
| 139|0x00000000b9500000, 0x00000000b9500000, 0x00000000b9600000|  0%| F|  |TAMS 0x00000000b9500000, 0x00000000b9500000| Untracked 
| 140|0x00000000b9600000, 0x00000000b9600000, 0x00000000b9700000|  0%| F|  |TAMS 0x00000000b9600000, 0x00000000b9600000| Untracked 
| 141|0x00000000b9700000, 0x00000000b9700000, 0x00000000b9800000|  0%| F|  |TAMS 0x00000000b9700000, 0x00000000b9700000| Untracked 
| 142|0x00000000b9800000, 0x00000000b9800000, 0x00000000b9900000|  0%| F|  |TAMS 0x00000000b9800000, 0x00000000b9800000| Untracked 
| 143|0x00000000b9900000, 0x00000000b9900000, 0x00000000b9a00000|  0%| F|  |TAMS 0x00000000b9900000, 0x00000000b9900000| Untracked 
| 144|0x00000000b9a00000, 0x00000000b9a00000, 0x00000000b9b00000|  0%| F|  |TAMS 0x00000000b9a00000, 0x00000000b9a00000| Untracked 
| 145|0x00000000b9b00000, 0x00000000b9b00000, 0x00000000b9c00000|  0%| F|  |TAMS 0x00000000b9b00000, 0x00000000b9b00000| Untracked 
| 146|0x00000000b9c00000, 0x00000000b9c00000, 0x00000000b9d00000|  0%| F|  |TAMS 0x00000000b9c00000, 0x00000000b9c00000| Untracked 
| 147|0x00000000b9d00000, 0x00000000b9d00000, 0x00000000b9e00000|  0%| F|  |TAMS 0x00000000b9d00000, 0x00000000b9d00000| Untracked 
| 148|0x00000000b9e00000, 0x00000000b9e00000, 0x00000000b9f00000|  0%| F|  |TAMS 0x00000000b9e00000, 0x00000000b9e00000| Untracked 
| 149|0x00000000b9f00000, 0x00000000b9f00000, 0x00000000ba000000|  0%| F|  |TAMS 0x00000000b9f00000, 0x00000000b9f00000| Untracked 
| 150|0x00000000ba000000, 0x00000000ba000000, 0x00000000ba100000|  0%| F|  |TAMS 0x00000000ba000000, 0x00000000ba000000| Untracked 
| 151|0x00000000ba100000, 0x00000000ba100000, 0x00000000ba200000|  0%| F|  |TAMS 0x00000000ba100000, 0x00000000ba100000| Untracked 
| 152|0x00000000ba200000, 0x00000000ba200000, 0x00000000ba300000|  0%| F|  |TAMS 0x00000000ba200000, 0x00000000ba200000| Untracked 
| 153|0x00000000ba300000, 0x00000000ba400000, 0x00000000ba400000|100%|HS|  |TAMS 0x00000000ba300000, 0x00000000ba400000| Complete 
| 154|0x00000000ba400000, 0x00000000ba500000, 0x00000000ba500000|100%|HC|  |TAMS 0x00000000ba400000, 0x00000000ba500000| Complete 
| 155|0x00000000ba500000, 0x00000000ba600000, 0x00000000ba600000|100%|HC|  |TAMS 0x00000000ba500000, 0x00000000ba600000| Complete 
| 156|0x00000000ba600000, 0x00000000ba700000, 0x00000000ba700000|100%|HC|  |TAMS 0x00000000ba600000, 0x00000000ba700000| Complete 
| 157|0x00000000ba700000, 0x00000000ba800000, 0x00000000ba800000|100%|HC|  |TAMS 0x00000000ba700000, 0x00000000ba800000| Complete 
| 158|0x00000000ba800000, 0x00000000ba900000, 0x00000000ba900000|100%|HC|  |TAMS 0x00000000ba800000, 0x00000000ba900000| Complete 
| 159|0x00000000ba900000, 0x00000000baa00000, 0x00000000baa00000|100%|HC|  |TAMS 0x00000000ba900000, 0x00000000baa00000| Complete 
| 160|0x00000000baa00000, 0x00000000bab00000, 0x00000000bab00000|100%|HC|  |TAMS 0x00000000baa00000, 0x00000000bab00000| Complete 
| 161|0x00000000bab00000, 0x00000000bac00000, 0x00000000bac00000|100%|HC|  |TAMS 0x00000000bab00000, 0x00000000bac00000| Complete 
| 162|0x00000000bac00000, 0x00000000bad00000, 0x00000000bad00000|100%|HC|  |TAMS 0x00000000bac00000, 0x00000000bad00000| Complete 
| 163|0x00000000bad00000, 0x00000000bae00000, 0x00000000bae00000|100%|HC|  |TAMS 0x00000000bad00000, 0x00000000bae00000| Complete 
| 164|0x00000000bae00000, 0x00000000baf00000, 0x00000000baf00000|100%|HC|  |TAMS 0x00000000bae00000, 0x00000000baf00000| Complete 
| 165|0x00000000baf00000, 0x00000000bb000000, 0x00000000bb000000|100%|HC|  |TAMS 0x00000000baf00000, 0x00000000bb000000| Complete 
| 166|0x00000000bb000000, 0x00000000bb100000, 0x00000000bb100000|100%|HC|  |TAMS 0x00000000bb000000, 0x00000000bb100000| Complete 
| 167|0x00000000bb100000, 0x00000000bb200000, 0x00000000bb200000|100%|HC|  |TAMS 0x00000000bb100000, 0x00000000bb200000| Complete 
| 168|0x00000000bb200000, 0x00000000bb300000, 0x00000000bb300000|100%|HC|  |TAMS 0x00000000bb200000, 0x00000000bb300000| Complete 
| 169|0x00000000bb300000, 0x00000000bb400000, 0x00000000bb400000|100%|HC|  |TAMS 0x00000000bb300000, 0x00000000bb400000| Complete 
| 170|0x00000000bb400000, 0x00000000bb500000, 0x00000000bb500000|100%|HC|  |TAMS 0x00000000bb400000, 0x00000000bb500000| Complete 
| 171|0x00000000bb500000, 0x00000000bb600000, 0x00000000bb600000|100%|HC|  |TAMS 0x00000000bb500000, 0x00000000bb600000| Complete 
| 172|0x00000000bb600000, 0x00000000bb700000, 0x00000000bb700000|100%|HC|  |TAMS 0x00000000bb600000, 0x00000000bb700000| Complete 
| 173|0x00000000bb700000, 0x00000000bb800000, 0x00000000bb800000|100%|HC|  |TAMS 0x00000000bb700000, 0x00000000bb800000| Complete 
| 174|0x00000000bb800000, 0x00000000bb900000, 0x00000000bb900000|100%|HC|  |TAMS 0x00000000bb800000, 0x00000000bb900000| Complete 
| 175|0x00000000bb900000, 0x00000000bba00000, 0x00000000bba00000|100%|HC|  |TAMS 0x00000000bb900000, 0x00000000bba00000| Complete 
| 176|0x00000000bba00000, 0x00000000bbb00000, 0x00000000bbb00000|100%|HC|  |TAMS 0x00000000bba00000, 0x00000000bbb00000| Complete 
| 177|0x00000000bbb00000, 0x00000000bbc00000, 0x00000000bbc00000|100%|HC|  |TAMS 0x00000000bbb00000, 0x00000000bbc00000| Complete 
| 178|0x00000000bbc00000, 0x00000000bbd00000, 0x00000000bbd00000|100%|HC|  |TAMS 0x00000000bbc00000, 0x00000000bbd00000| Complete 
| 179|0x00000000bbd00000, 0x00000000bbe00000, 0x00000000bbe00000|100%|HC|  |TAMS 0x00000000bbd00000, 0x00000000bbe00000| Complete 
| 180|0x00000000bbe00000, 0x00000000bbf00000, 0x00000000bbf00000|100%|HC|  |TAMS 0x00000000bbe00000, 0x00000000bbf00000| Complete 
| 181|0x00000000bbf00000, 0x00000000bc000000, 0x00000000bc000000|100%|HC|  |TAMS 0x00000000bbf00000, 0x00000000bc000000| Complete 
| 182|0x00000000bc000000, 0x00000000bc100000, 0x00000000bc100000|100%|HC|  |TAMS 0x00000000bc000000, 0x00000000bc100000| Complete 
| 183|0x00000000bc100000, 0x00000000bc200000, 0x00000000bc200000|100%|HC|  |TAMS 0x00000000bc100000, 0x00000000bc200000| Complete 
| 184|0x00000000bc200000, 0x00000000bc300000, 0x00000000bc300000|100%|HC|  |TAMS 0x00000000bc200000, 0x00000000bc300000| Complete 
| 185|0x00000000bc300000, 0x00000000bc400000, 0x00000000bc400000|100%|HC|  |TAMS 0x00000000bc300000, 0x00000000bc400000| Complete 
| 186|0x00000000bc400000, 0x00000000bc500000, 0x00000000bc500000|100%|HC|  |TAMS 0x00000000bc400000, 0x00000000bc500000| Complete 
| 187|0x00000000bc500000, 0x00000000bc600000, 0x00000000bc600000|100%|HC|  |TAMS 0x00000000bc500000, 0x00000000bc600000| Complete 
| 188|0x00000000bc600000, 0x00000000bc700000, 0x00000000bc700000|100%|HC|  |TAMS 0x00000000bc600000, 0x00000000bc700000| Complete 
| 189|0x00000000bc700000, 0x00000000bc800000, 0x00000000bc800000|100%|HC|  |TAMS 0x00000000bc700000, 0x00000000bc800000| Complete 
| 190|0x00000000bc800000, 0x00000000bc900000, 0x00000000bc900000|100%|HC|  |TAMS 0x00000000bc800000, 0x00000000bc900000| Complete 
| 191|0x00000000bc900000, 0x00000000bca00000, 0x00000000bca00000|100%|HC|  |TAMS 0x00000000bc900000, 0x00000000bca00000| Complete 
| 192|0x00000000bca00000, 0x00000000bcb00000, 0x00000000bcb00000|100%|HC|  |TAMS 0x00000000bca00000, 0x00000000bcb00000| Complete 
| 193|0x00000000bcb00000, 0x00000000bcc00000, 0x00000000bcc00000|100%|HC|  |TAMS 0x00000000bcb00000, 0x00000000bcc00000| Complete 
| 194|0x00000000bcc00000, 0x00000000bcd00000, 0x00000000bcd00000|100%|HC|  |TAMS 0x00000000bcc00000, 0x00000000bcd00000| Complete 
| 195|0x00000000bcd00000, 0x00000000bce00000, 0x00000000bce00000|100%|HC|  |TAMS 0x00000000bcd00000, 0x00000000bce00000| Complete 
| 196|0x00000000bce00000, 0x00000000bcf00000, 0x00000000bcf00000|100%|HC|  |TAMS 0x00000000bce00000, 0x00000000bcf00000| Complete 
| 197|0x00000000bcf00000, 0x00000000bd000000, 0x00000000bd000000|100%|HC|  |TAMS 0x00000000bcf00000, 0x00000000bd000000| Complete 
| 198|0x00000000bd000000, 0x00000000bd100000, 0x00000000bd100000|100%|HC|  |TAMS 0x00000000bd000000, 0x00000000bd100000| Complete 
| 199|0x00000000bd100000, 0x00000000bd200000, 0x00000000bd200000|100%|HC|  |TAMS 0x00000000bd100000, 0x00000000bd200000| Complete 
| 200|0x00000000bd200000, 0x00000000bd300000, 0x00000000bd300000|100%|HC|  |TAMS 0x00000000bd200000, 0x00000000bd300000| Complete 
| 201|0x00000000bd300000, 0x00000000bd400000, 0x00000000bd400000|100%|HC|  |TAMS 0x00000000bd300000, 0x00000000bd400000| Complete 
| 202|0x00000000bd400000, 0x00000000bd500000, 0x00000000bd500000|100%|HC|  |TAMS 0x00000000bd400000, 0x00000000bd500000| Complete 
| 203|0x00000000bd500000, 0x00000000bd600000, 0x00000000bd600000|100%|HC|  |TAMS 0x00000000bd500000, 0x00000000bd600000| Complete 
| 204|0x00000000bd600000, 0x00000000bd700000, 0x00000000bd700000|100%|HC|  |TAMS 0x00000000bd600000, 0x00000000bd700000| Complete 
| 205|0x00000000bd700000, 0x00000000bd800000, 0x00000000bd800000|100%|HC|  |TAMS 0x00000000bd700000, 0x00000000bd800000| Complete 
| 206|0x00000000bd800000, 0x00000000bd900000, 0x00000000bd900000|100%|HC|  |TAMS 0x00000000bd800000, 0x00000000bd900000| Complete 
| 207|0x00000000bd900000, 0x00000000bda00000, 0x00000000bda00000|100%|HC|  |TAMS 0x00000000bd900000, 0x00000000bda00000| Complete 
| 208|0x00000000bda00000, 0x00000000bdb00000, 0x00000000bdb00000|100%|HC|  |TAMS 0x00000000bda00000, 0x00000000bdb00000| Complete 
| 209|0x00000000bdb00000, 0x00000000bdc00000, 0x00000000bdc00000|100%|HC|  |TAMS 0x00000000bdb00000, 0x00000000bdc00000| Complete 
| 210|0x00000000bdc00000, 0x00000000bdd00000, 0x00000000bdd00000|100%|HC|  |TAMS 0x00000000bdc00000, 0x00000000bdd00000| Complete 
| 211|0x00000000bdd00000, 0x00000000bde00000, 0x00000000bde00000|100%|HC|  |TAMS 0x00000000bdd00000, 0x00000000bde00000| Complete 
| 212|0x00000000bde00000, 0x00000000bdf00000, 0x00000000bdf00000|100%|HC|  |TAMS 0x00000000bde00000, 0x00000000bdf00000| Complete 
| 213|0x00000000bdf00000, 0x00000000be000000, 0x00000000be000000|100%|HC|  |TAMS 0x00000000bdf00000, 0x00000000be000000| Complete 
| 214|0x00000000be000000, 0x00000000be100000, 0x00000000be100000|100%|HC|  |TAMS 0x00000000be000000, 0x00000000be100000| Complete 
| 215|0x00000000be100000, 0x00000000be200000, 0x00000000be200000|100%|HC|  |TAMS 0x00000000be100000, 0x00000000be200000| Complete 
| 216|0x00000000be200000, 0x00000000be300000, 0x00000000be300000|100%|HC|  |TAMS 0x00000000be200000, 0x00000000be300000| Complete 
| 217|0x00000000be300000, 0x00000000be400000, 0x00000000be400000|100%|HC|  |TAMS 0x00000000be300000, 0x00000000be400000| Complete 
| 218|0x00000000be400000, 0x00000000be500000, 0x00000000be500000|100%|HC|  |TAMS 0x00000000be400000, 0x00000000be500000| Complete 
| 219|0x00000000be500000, 0x00000000be600000, 0x00000000be600000|100%|HC|  |TAMS 0x00000000be500000, 0x00000000be600000| Complete 
| 220|0x00000000be600000, 0x00000000be700000, 0x00000000be700000|100%|HC|  |TAMS 0x00000000be600000, 0x00000000be700000| Complete 
| 221|0x00000000be700000, 0x00000000be800000, 0x00000000be800000|100%|HC|  |TAMS 0x00000000be700000, 0x00000000be800000| Complete 
| 222|0x00000000be800000, 0x00000000be900000, 0x00000000be900000|100%|HC|  |TAMS 0x00000000be800000, 0x00000000be900000| Complete 
| 223|0x00000000be900000, 0x00000000bea00000, 0x00000000bea00000|100%|HC|  |TAMS 0x00000000be900000, 0x00000000bea00000| Complete 
| 224|0x00000000bea00000, 0x00000000beb00000, 0x00000000beb00000|100%|HC|  |TAMS 0x00000000bea00000, 0x00000000beb00000| Complete 
| 225|0x00000000beb00000, 0x00000000bec00000, 0x00000000bec00000|100%|HC|  |TAMS 0x00000000beb00000, 0x00000000bec00000| Complete 
| 226|0x00000000bec00000, 0x00000000bed00000, 0x00000000bed00000|100%|HC|  |TAMS 0x00000000bec00000, 0x00000000bed00000| Complete 
| 227|0x00000000bed00000, 0x00000000bee00000, 0x00000000bee00000|100%|HC|  |TAMS 0x00000000bed00000, 0x00000000bee00000| Complete 
| 228|0x00000000bee00000, 0x00000000bef00000, 0x00000000bef00000|100%|HC|  |TAMS 0x00000000bee00000, 0x00000000bef00000| Complete 
| 229|0x00000000bef00000, 0x00000000bf000000, 0x00000000bf000000|100%|HC|  |TAMS 0x00000000bef00000, 0x00000000bf000000| Complete 
| 230|0x00000000bf000000, 0x00000000bf100000, 0x00000000bf100000|100%|HC|  |TAMS 0x00000000bf000000, 0x00000000bf100000| Complete 
| 231|0x00000000bf100000, 0x00000000bf200000, 0x00000000bf200000|100%|HC|  |TAMS 0x00000000bf100000, 0x00000000bf200000| Complete 
| 232|0x00000000bf200000, 0x00000000bf300000, 0x00000000bf300000|100%|HC|  |TAMS 0x00000000bf200000, 0x00000000bf300000| Complete 
| 233|0x00000000bf300000, 0x00000000bf400000, 0x00000000bf400000|100%|HC|  |TAMS 0x00000000bf300000, 0x00000000bf400000| Complete 
| 234|0x00000000bf400000, 0x00000000bf500000, 0x00000000bf500000|100%|HC|  |TAMS 0x00000000bf400000, 0x00000000bf500000| Complete 
| 235|0x00000000bf500000, 0x00000000bf600000, 0x00000000bf600000|100%|HC|  |TAMS 0x00000000bf500000, 0x00000000bf600000| Complete 
| 236|0x00000000bf600000, 0x00000000bf700000, 0x00000000bf700000|100%|HC|  |TAMS 0x00000000bf600000, 0x00000000bf700000| Complete 
| 237|0x00000000bf700000, 0x00000000bf800000, 0x00000000bf800000|100%|HC|  |TAMS 0x00000000bf700000, 0x00000000bf800000| Complete 
| 238|0x00000000bf800000, 0x00000000bf900000, 0x00000000bf900000|100%|HC|  |TAMS 0x00000000bf800000, 0x00000000bf900000| Complete 
| 239|0x00000000bf900000, 0x00000000bfa00000, 0x00000000bfa00000|100%|HC|  |TAMS 0x00000000bf900000, 0x00000000bfa00000| Complete 
| 240|0x00000000bfa00000, 0x00000000bfb00000, 0x00000000bfb00000|100%|HC|  |TAMS 0x00000000bfa00000, 0x00000000bfb00000| Complete 
| 241|0x00000000bfb00000, 0x00000000bfc00000, 0x00000000bfc00000|100%|HC|  |TAMS 0x00000000bfb00000, 0x00000000bfc00000| Complete 
| 242|0x00000000bfc00000, 0x00000000bfd00000, 0x00000000bfd00000|100%|HC|  |TAMS 0x00000000bfc00000, 0x00000000bfd00000| Complete 
| 243|0x00000000bfd00000, 0x00000000bfe00000, 0x00000000bfe00000|100%|HC|  |TAMS 0x00000000bfd00000, 0x00000000bfe00000| Complete 
| 244|0x00000000bfe00000, 0x00000000bff00000, 0x00000000bff00000|100%|HC|  |TAMS 0x00000000bfe00000, 0x00000000bff00000| Complete 
| 245|0x00000000bff00000, 0x00000000c0000000, 0x00000000c0000000|100%|HC|  |TAMS 0x00000000bff00000, 0x00000000c0000000| Complete 
| 246|0x00000000c0000000, 0x00000000c0100000, 0x00000000c0100000|100%|HC|  |TAMS 0x00000000c0000000, 0x00000000c0100000| Complete 
| 247|0x00000000c0100000, 0x00000000c0200000, 0x00000000c0200000|100%|HC|  |TAMS 0x00000000c0100000, 0x00000000c0200000| Complete 
| 248|0x00000000c0200000, 0x00000000c0300000, 0x00000000c0300000|100%|HC|  |TAMS 0x00000000c0200000, 0x00000000c0300000| Complete 
| 249|0x00000000c0300000, 0x00000000c0400000, 0x00000000c0400000|100%|HC|  |TAMS 0x00000000c0300000, 0x00000000c0400000| Complete 
| 250|0x00000000c0400000, 0x00000000c0500000, 0x00000000c0500000|100%|HC|  |TAMS 0x00000000c0400000, 0x00000000c0500000| Complete 
| 251|0x00000000c0500000, 0x00000000c0600000, 0x00000000c0600000|100%|HC|  |TAMS 0x00000000c0500000, 0x00000000c0600000| Complete 
| 252|0x00000000c0600000, 0x00000000c0700000, 0x00000000c0700000|100%|HC|  |TAMS 0x00000000c0600000, 0x00000000c0700000| Complete 
| 253|0x00000000c0700000, 0x00000000c0800000, 0x00000000c0800000|100%|HC|  |TAMS 0x00000000c0700000, 0x00000000c0800000| Complete 
| 254|0x00000000c0800000, 0x00000000c0900000, 0x00000000c0900000|100%|HC|  |TAMS 0x00000000c0800000, 0x00000000c0900000| Complete 
| 255|0x00000000c0900000, 0x00000000c0a00000, 0x00000000c0a00000|100%|HC|  |TAMS 0x00000000c0900000, 0x00000000c0a00000| Complete 
| 256|0x00000000c0a00000, 0x00000000c0b00000, 0x00000000c0b00000|100%|HC|  |TAMS 0x00000000c0a00000, 0x00000000c0b00000| Complete 
| 257|0x00000000c0b00000, 0x00000000c0c00000, 0x00000000c0c00000|100%|HC|  |TAMS 0x00000000c0b00000, 0x00000000c0c00000| Complete 
| 258|0x00000000c0c00000, 0x00000000c0d00000, 0x00000000c0d00000|100%|HC|  |TAMS 0x00000000c0c00000, 0x00000000c0d00000| Complete 
| 259|0x00000000c0d00000, 0x00000000c0e00000, 0x00000000c0e00000|100%|HC|  |TAMS 0x00000000c0d00000, 0x00000000c0e00000| Complete 
| 260|0x00000000c0e00000, 0x00000000c0f00000, 0x00000000c0f00000|100%|HC|  |TAMS 0x00000000c0e00000, 0x00000000c0f00000| Complete 
| 261|0x00000000c0f00000, 0x00000000c1000000, 0x00000000c1000000|100%|HC|  |TAMS 0x00000000c0f00000, 0x00000000c1000000| Complete 
| 262|0x00000000c1000000, 0x00000000c1100000, 0x00000000c1100000|100%|HC|  |TAMS 0x00000000c1000000, 0x00000000c1100000| Complete 
| 263|0x00000000c1100000, 0x00000000c1200000, 0x00000000c1200000|100%|HC|  |TAMS 0x00000000c1100000, 0x00000000c1200000| Complete 
| 264|0x00000000c1200000, 0x00000000c1300000, 0x00000000c1300000|100%|HC|  |TAMS 0x00000000c1200000, 0x00000000c1300000| Complete 
| 265|0x00000000c1300000, 0x00000000c1400000, 0x00000000c1400000|100%|HC|  |TAMS 0x00000000c1300000, 0x00000000c1400000| Complete 
| 266|0x00000000c1400000, 0x00000000c1500000, 0x00000000c1500000|100%|HC|  |TAMS 0x00000000c1400000, 0x00000000c1500000| Complete 
| 267|0x00000000c1500000, 0x00000000c1600000, 0x00000000c1600000|100%|HC|  |TAMS 0x00000000c1500000, 0x00000000c1600000| Complete 
| 268|0x00000000c1600000, 0x00000000c1700000, 0x00000000c1700000|100%|HC|  |TAMS 0x00000000c1600000, 0x00000000c1700000| Complete 
| 269|0x00000000c1700000, 0x00000000c1800000, 0x00000000c1800000|100%|HC|  |TAMS 0x00000000c1700000, 0x00000000c1800000| Complete 
| 270|0x00000000c1800000, 0x00000000c1900000, 0x00000000c1900000|100%|HC|  |TAMS 0x00000000c1800000, 0x00000000c1900000| Complete 
| 271|0x00000000c1900000, 0x00000000c1a00000, 0x00000000c1a00000|100%|HC|  |TAMS 0x00000000c1900000, 0x00000000c1a00000| Complete 
| 272|0x00000000c1a00000, 0x00000000c1b00000, 0x00000000c1b00000|100%|HC|  |TAMS 0x00000000c1a00000, 0x00000000c1b00000| Complete 
| 273|0x00000000c1b00000, 0x00000000c1c00000, 0x00000000c1c00000|100%|HC|  |TAMS 0x00000000c1b00000, 0x00000000c1c00000| Complete 
| 274|0x00000000c1c00000, 0x00000000c1d00000, 0x00000000c1d00000|100%|HC|  |TAMS 0x00000000c1c00000, 0x00000000c1d00000| Complete 
| 275|0x00000000c1d00000, 0x00000000c1e00000, 0x00000000c1e00000|100%|HC|  |TAMS 0x00000000c1d00000, 0x00000000c1e00000| Complete 
| 276|0x00000000c1e00000, 0x00000000c1f00000, 0x00000000c1f00000|100%|HC|  |TAMS 0x00000000c1e00000, 0x00000000c1f00000| Complete 
| 277|0x00000000c1f00000, 0x00000000c2000000, 0x00000000c2000000|100%|HC|  |TAMS 0x00000000c1f00000, 0x00000000c2000000| Complete 
| 278|0x00000000c2000000, 0x00000000c2100000, 0x00000000c2100000|100%|HC|  |TAMS 0x00000000c2000000, 0x00000000c2100000| Complete 
| 279|0x00000000c2100000, 0x00000000c2200000, 0x00000000c2200000|100%|HC|  |TAMS 0x00000000c2100000, 0x00000000c2200000| Complete 
| 280|0x00000000c2200000, 0x00000000c2300000, 0x00000000c2300000|100%|HC|  |TAMS 0x00000000c2200000, 0x00000000c2300000| Complete 
| 281|0x00000000c2300000, 0x00000000c2400000, 0x00000000c2400000|100%|HC|  |TAMS 0x00000000c2300000, 0x00000000c2400000| Complete 
| 282|0x00000000c2400000, 0x00000000c2500000, 0x00000000c2500000|100%|HC|  |TAMS 0x00000000c2400000, 0x00000000c2500000| Complete 
| 283|0x00000000c2500000, 0x00000000c2600000, 0x00000000c2600000|100%|HC|  |TAMS 0x00000000c2500000, 0x00000000c2600000| Complete 
| 284|0x00000000c2600000, 0x00000000c2700000, 0x00000000c2700000|100%|HC|  |TAMS 0x00000000c2600000, 0x00000000c2700000| Complete 
| 285|0x00000000c2700000, 0x00000000c2800000, 0x00000000c2800000|100%|HC|  |TAMS 0x00000000c2700000, 0x00000000c2800000| Complete 
| 286|0x00000000c2800000, 0x00000000c2900000, 0x00000000c2900000|100%|HC|  |TAMS 0x00000000c2800000, 0x00000000c2900000| Complete 
| 287|0x00000000c2900000, 0x00000000c2a00000, 0x00000000c2a00000|100%|HC|  |TAMS 0x00000000c2900000, 0x00000000c2a00000| Complete 
| 288|0x00000000c2a00000, 0x00000000c2b00000, 0x00000000c2b00000|100%|HC|  |TAMS 0x00000000c2a00000, 0x00000000c2b00000| Complete 
| 289|0x00000000c2b00000, 0x00000000c2c00000, 0x00000000c2c00000|100%|HC|  |TAMS 0x00000000c2b00000, 0x00000000c2c00000| Complete 
| 290|0x00000000c2c00000, 0x00000000c2d00000, 0x00000000c2d00000|100%|HC|  |TAMS 0x00000000c2c00000, 0x00000000c2d00000| Complete 
| 291|0x00000000c2d00000, 0x00000000c2e00000, 0x00000000c2e00000|100%|HC|  |TAMS 0x00000000c2d00000, 0x00000000c2e00000| Complete 
| 292|0x00000000c2e00000, 0x00000000c2f00000, 0x00000000c2f00000|100%|HC|  |TAMS 0x00000000c2e00000, 0x00000000c2f00000| Complete 
| 293|0x00000000c2f00000, 0x00000000c3000000, 0x00000000c3000000|100%|HC|  |TAMS 0x00000000c2f00000, 0x00000000c3000000| Complete 
| 294|0x00000000c3000000, 0x00000000c3100000, 0x00000000c3100000|100%|HC|  |TAMS 0x00000000c3000000, 0x00000000c3100000| Complete 
| 295|0x00000000c3100000, 0x00000000c3200000, 0x00000000c3200000|100%|HC|  |TAMS 0x00000000c3100000, 0x00000000c3200000| Complete 
| 296|0x00000000c3200000, 0x00000000c3300000, 0x00000000c3300000|100%|HC|  |TAMS 0x00000000c3200000, 0x00000000c3300000| Complete 
| 297|0x00000000c3300000, 0x00000000c3400000, 0x00000000c3400000|100%|HC|  |TAMS 0x00000000c3300000, 0x00000000c3400000| Complete 

Card table byte_map: [0x00007f53f5268000,0x00007f53f54e3000] _byte_map_base: 0x00007f53f4ce3000

Marking Bits (Prev, Next): (CMBitMap*) 0x00007f53f0055498, (CMBitMap*) 0x00007f53f00554d0
 Prev Bits: [0x00007f53d2c28000, 0x00007f53d4000000)
 Next Bits: [0x00007f53d1850000, 0x00007f53d2c28000)

Polling page: 0x00007f53f9776000

Metaspace:

Usage:
  Non-class:      5,01 MB capacity,     4,89 MB ( 98%) used,   115,80 KB (  2%) free+waste,    11,88 KB ( <1%) overhead. 
      Class:    552,00 KB capacity,   488,69 KB ( 89%) used,    57,00 KB ( 10%) free+waste,     6,31 KB (  1%) overhead. 
       Both:      5,55 MB capacity,     5,37 MB ( 97%) used,   172,80 KB (  3%) free+waste,    18,19 KB ( <1%) overhead. 

Virtual space:
  Non-class space:        8,00 MB reserved,       5,25 MB ( 66%) committed 
      Class space:        1,00 GB reserved,     640,00 KB ( <1%) committed 
             Both:        1,01 GB reserved,       5,88 MB ( <1%) committed 

Chunk freelists:
   Non-Class:  5,25 KB
       Class:  0 bytes
        Both:  5,25 KB

CodeHeap 'non-profiled nmethods': size=120032Kb used=113Kb max_used=113Kb free=119918Kb
 bounds [0x00007f53e070a000, 0x00007f53e097a000, 0x00007f53e7c42000]
CodeHeap 'profiled nmethods': size=120032Kb used=750Kb max_used=750Kb free=119282Kb
 bounds [0x00007f53d91d2000, 0x00007f53d9442000, 0x00007f53e070a000]
CodeHeap 'non-nmethods': size=5696Kb used=1042Kb max_used=1058Kb free=4653Kb
 bounds [0x00007f53d8c42000, 0x00007f53d8eb2000, 0x00007f53d91d2000]
 total_blobs=767 nmethods=344 adapters=251
 compilation: enabled
              stopped_count=0, restarted_count=0
 full_count=0

Compilation events (10 events):
Event: 0,493 Thread 0x00007f53ac09e800 nmethod 340 0x00007f53e0723910 code [0x00007f53e0723ac0, 0x00007f53e0723f18]
Event: 0,493 Thread 0x00007f53ac09e800  308       4       java.lang.StringLatin1::charAt (28 bytes)
Event: 0,494 Thread 0x00007f53ac09e800 nmethod 308 0x00007f53e0724190 code [0x00007f53e0724320, 0x00007f53e0724398]
Event: 0,537 Thread 0x00007f53f0132000 nmethod 301 0x00007f53e0724490 code [0x00007f53e0724660, 0x00007f53e0725358]
Event: 0,539 Thread 0x00007f53f0134000  342 % !   3       lexer.LexerAluno::proxToken @ 10 (1192 bytes)
Event: 0,585 Thread 0x00007f53f0134000 nmethod 342% 0x00007f53d924f010 code [0x00007f53d9250ca0, 0x00007f53d92688d8]
Event: 0,587 Thread 0x00007f53f0134000  343   !   3       lexer.LexerAluno::proxToken (1192 bytes)
Event: 0,642 Thread 0x00007f53f0134000 nmethod 343 0x00007f53d926e710 code [0x00007f53d9270380, 0x00007f53d9287e38]
Event: 0,652 Thread 0x00007f53ac09e800  344 % !   4       lexer.LexerAluno::proxToken @ 10 (1192 bytes)
Event: 0,672 Thread 0x00007f53ac09e800 nmethod 344% 0x00007f53e0725b10 code [0x00007f53e0725d00, 0x00007f53e0726348]

GC Heap History (10 events):
Event: 12,368 GC heap before
{Heap before GC invocations=0 (full 0):
 garbage-first heap   total 81920K, used 24576K [0x00000000b0a00000, 0x0000000100000000)
  region size 1024K, 4 young (4096K), 0 survivors (0K)
 Metaspace       used 5494K, capacity 5686K, committed 6016K, reserved 1056768K
  class space    used 488K, capacity 552K, committed 640K, reserved 1048576K
}
Event: 12,372 GC heap after
{Heap after GC invocations=1 (full 0):
 garbage-first heap   total 81920K, used 11112K [0x00000000b0a00000, 0x0000000100000000)
  region size 1024K, 1 young (1024K), 1 survivors (1024K)
 Metaspace       used 5494K, capacity 5686K, committed 6016K, reserved 1056768K
  class space    used 488K, capacity 552K, committed 640K, reserved 1048576K
}
Event: 24,473 GC heap before
{Heap before GC invocations=2 (full 0):
 garbage-first heap   total 81920K, used 30568K [0x00000000b0a00000, 0x0000000100000000)
  region size 1024K, 1 young (1024K), 1 survivors (1024K)
 Metaspace       used 5495K, capacity 5686K, committed 6016K, reserved 1056768K
  class space    used 488K, capacity 552K, committed 640K, reserved 1048576K
}
Event: 24,479 GC heap after
{Heap after GC invocations=3 (full 0):
 garbage-first heap   total 81920K, used 20429K [0x00000000b0a00000, 0x0000000100000000)
  region size 1024K, 1 young (1024K), 1 survivors (1024K)
 Metaspace       used 5495K, capacity 5686K, committed 6016K, reserved 1056768K
  class space    used 488K, capacity 552K, committed 640K, reserved 1048576K
}
Event: 48,761 GC heap before
{Heap before GC invocations=4 (full 0):
 garbage-first heap   total 81920K, used 58317K [0x00000000b0a00000, 0x0000000100000000)
  region size 1024K, 1 young (1024K), 1 survivors (1024K)
 Metaspace       used 5495K, capacity 5686K, committed 6016K, reserved 1056768K
  class space    used 488K, capacity 552K, committed 640K, reserved 1048576K
}
Event: 48,769 GC heap after
{Heap after GC invocations=5 (full 0):
 garbage-first heap   total 81920K, used 38881K [0x00000000b0a00000, 0x0000000100000000)
  region size 1024K, 1 young (1024K), 1 survivors (1024K)
 Metaspace       used 5495K, capacity 5686K, committed 6016K, reserved 1056768K
  class space    used 488K, capacity 552K, committed 640K, reserved 1048576K
}
Event: 98,856 GC heap before
{Heap before GC invocations=6 (full 0):
 garbage-first heap   total 156672K, used 113633K [0x00000000b0a00000, 0x0000000100000000)
  region size 1024K, 1 young (1024K), 1 survivors (1024K)
 Metaspace       used 5495K, capacity 5686K, committed 6016K, reserved 1056768K
  class space    used 488K, capacity 552K, committed 640K, reserved 1048576K
}
Event: 98,955 GC heap after
{Heap after GC invocations=7 (full 0):
 garbage-first heap   total 156672K, used 75720K [0x00000000b0a00000, 0x0000000100000000)
  region size 1024K, 1 young (1024K), 1 survivors (1024K)
 Metaspace       used 5495K, capacity 5686K, committed 6016K, reserved 1056768K
  class space    used 488K, capacity 552K, committed 640K, reserved 1048576K
}
Event: 232,700 GC heap before
{Heap before GC invocations=8 (full 0):
 garbage-first heap   total 305152K, used 224200K [0x00000000b0a00000, 0x0000000100000000)
  region size 1024K, 1 young (1024K), 1 survivors (1024K)
 Metaspace       used 5495K, capacity 5686K, committed 6016K, reserved 1056768K
  class space    used 488K, capacity 552K, committed 640K, reserved 1048576K
}
Event: 249,310 GC heap after
{Heap after GC invocations=9 (full 0):
 garbage-first heap   total 305152K, used 149445K [0x00000000b0a00000, 0x0000000100000000)
  region size 1024K, 1 young (1024K), 1 survivors (1024K)
 Metaspace       used 5495K, capacity 5686K, committed 6016K, reserved 1056768K
  class space    used 488K, capacity 552K, committed 640K, reserved 1048576K
}

Deoptimization events (1 events):
Event: 0,199 Thread 0x00007f53f0012000 Uncommon trap: reason=unstable_if action=reinterpret pc=0x00007f53e070e174 method=java.lang.String.hashCode()I @ 14 c2

Classes redefined (0 events):
No events

Internal exceptions (8 events):
Event: 0,371 Thread 0x00007f53f0012000 Exception <a 'java/lang/NoSuchMethodError'{0x00000000b5713b70}: java.lang.invoke.DirectMethodHandle$Holder.invokeStatic(Ljava/lang/Object;Ljava/lang/Object;Ljava/lang/Object;Ljava/lang/Object;Ljava/lang/Object;Ljava/lang/Object;Ljava/lang/Object;Ljava/lan
Event: 0,376 Thread 0x00007f53f0012000 Exception <a 'java/lang/NoSuchMethodError'{0x00000000b57281f0}: java.lang.invoke.DirectMethodHandle$Holder.invokeStatic(Ljava/lang/Object;Ljava/lang/Object;Ljava/lang/Object;Ljava/lang/Object;Ljava/lang/Object;Ljava/lang/Object;Ljava/lang/Object;Ljava/lan
Event: 0,379 Thread 0x00007f53f0012000 Exception <a 'java/lang/NoSuchMethodError'{0x00000000b5735f28}: java.lang.invoke.DirectMethodHandle$Holder.invokeSpecial(Ljava/lang/Object;Ljava/lang/Object;IIILjava/lang/Object;II)Ljava/lang/Object;> (0x00000000b5735f28) thrown at [/scratch/opt/mach5/mes
Event: 0,380 Thread 0x00007f53f0012000 Exception <a 'java/lang/NoSuchMethodError'{0x00000000b57390a8}: java.lang.invoke.DelegatingMethodHandle$Holder.reinvoke_L(Ljava/lang/Object;IIILjava/lang/Object;II)Ljava/lang/Object;> (0x00000000b57390a8) thrown at [/scratch/opt/mach5/mesos/work_dir/slave
Event: 0,381 Thread 0x00007f53f0012000 Exception <a 'java/lang/NoSuchMethodError'{0x00000000b5740520}: java.lang.invoke.DirectMethodHandle$Holder.invokeStatic(Ljava/lang/Object;Ljava/lang/Object;Ljava/lang/Object;Ljava/lang/Object;Ljava/lang/Object;I)Ljava/lang/Object;> (0x00000000b5740520) th
Event: 0,391 Thread 0x00007f53f0012000 Exception <a 'java/lang/NoSuchMethodError'{0x00000000b5774860}: java.lang.invoke.Invokers$Holder.linkToTargetMethod(Ljava/lang/Object;IILjava/lang/Object;)Ljava/lang/Object;> (0x00000000b5774860) thrown at [/scratch/opt/mach5/mesos/work_dir/slaves/2dd962d
Event: 0,403 Thread 0x00007f53f0012000 Exception <a 'java/lang/NoSuchMethodError'{0x00000000b57b8f80}: java.lang.invoke.DirectMethodHandle$Holder.invokeStatic(Ljava/lang/Object;Ljava/lang/Object;Ljava/lang/Object;Ljava/lang/Object;Ljava/lang/Object;Ljava/lang/Object;Ljava/lang/Object;Ljava/lan
Event: 0,406 Thread 0x00007f53f0012000 Exception <a 'java/lang/NoSuchMethodError'{0x00000000b57c54f0}: java.lang.invoke.DirectMethodHandle$Holder.invokeStatic(Ljava/lang/Object;Ljava/lang/Object;Ljava/lang/Object;Ljava/lang/Object;Ljava/lang/Object;Ljava/lang/Object;Ljava/lang/Object;Ljava/lan

Events (10 events):
Event: 48,941 Executing VM operation: CGC_Operation
Event: 48,941 Executing VM operation: CGC_Operation done
Event: 97,898 Executing VM operation: G1CollectForAllocation
Event: 98,955 Executing VM operation: G1CollectForAllocation done
Event: 98,957 Executing VM operation: CGC_Operation
Event: 119,922 Executing VM operation: CGC_Operation done
Event: 120,776 Executing VM operation: CGC_Operation
Event: 121,198 Executing VM operation: CGC_Operation done
Event: 231,527 Executing VM operation: G1CollectForAllocation
Event: 251,685 Executing VM operation: G1CollectForAllocation done


Dynamic libraries:
00400000-00401000 r-xp 00000000 08:01 5116690                            /usr/lib/jvm/java-11-oracle/bin/java
00600000-00601000 r--p 00000000 08:01 5116690                            /usr/lib/jvm/java-11-oracle/bin/java
00601000-00602000 rw-p 00001000 08:01 5116690                            /usr/lib/jvm/java-11-oracle/bin/java
0196a000-0198b000 rw-p 00000000 00:00 0                                  [heap]
b0a00000-c3400000 rw-p 00000000 00:00 0 
d5500000-100000000 ---p 00000000 00:00 0 
100000000-1000a0000 rw-p 00000000 00:00 0 
1000a0000-140000000 ---p 00000000 00:00 0 
7f5388000000-7f5388021000 rw-p 00000000 00:00 0 
7f5388021000-7f538c000000 ---p 00000000 00:00 0 
7f538c000000-7f538c021000 rw-p 00000000 00:00 0 
7f538c021000-7f5390000000 ---p 00000000 00:00 0 
7f5390000000-7f5390021000 rw-p 00000000 00:00 0 
7f5390021000-7f5394000000 ---p 00000000 00:00 0 
7f5394000000-7f5394051000 rw-p 00000000 00:00 0 
7f5394051000-7f5398000000 ---p 00000000 00:00 0 
7f5398000000-7f5398021000 rw-p 00000000 00:00 0 
7f5398021000-7f539c000000 ---p 00000000 00:00 0 
7f539c000000-7f539c021000 rw-p 00000000 00:00 0 
7f539c021000-7f53a0000000 ---p 00000000 00:00 0 
7f53a0000000-7f53a0723000 rw-p 00000000 00:00 0 
7f53a0723000-7f53a4000000 ---p 00000000 00:00 0 
7f53a4000000-7f53a4021000 rw-p 00000000 00:00 0 
7f53a4021000-7f53a8000000 ---p 00000000 00:00 0 
7f53a8000000-7f53a8021000 rw-p 00000000 00:00 0 
7f53a8021000-7f53ac000000 ---p 00000000 00:00 0 
7f53ac000000-7f53ac1a2000 rw-p 00000000 00:00 0 
7f53ac1a2000-7f53b0000000 ---p 00000000 00:00 0 
7f53b0000000-7f53b0021000 rw-p 00000000 00:00 0 
7f53b0021000-7f53b4000000 ---p 00000000 00:00 0 
7f53b4000000-7f53b4021000 rw-p 00000000 00:00 0 
7f53b4021000-7f53b8000000 ---p 00000000 00:00 0 
7f53b8000000-7f53b8021000 rw-p 00000000 00:00 0 
7f53b8021000-7f53bc000000 ---p 00000000 00:00 0 
7f53bc000000-7f53bc021000 rw-p 00000000 00:00 0 
7f53bc021000-7f53c0000000 ---p 00000000 00:00 0 
7f53c0000000-7f53c0021000 rw-p 00000000 00:00 0 
7f53c0021000-7f53c4000000 ---p 00000000 00:00 0 
7f53c4000000-7f53c4021000 rw-p 00000000 00:00 0 
7f53c4021000-7f53c8000000 ---p 00000000 00:00 0 
7f53ca000000-7f53cc000000 rw-p 00000000 00:00 0 
7f53cc000000-7f53cc021000 rw-p 00000000 00:00 0 
7f53cc021000-7f53d0000000 ---p 00000000 00:00 0 
7f53d02d0000-7f53d0651000 rw-p 00000000 00:00 0 
7f53d0651000-7f53d0652000 ---p 00000000 00:00 0 
7f53d0652000-7f53d0753000 rw-p 00000000 00:00 0 
7f53d0753000-7f53d0754000 ---p 00000000 00:00 0 
7f53d0754000-7f53d0855000 rw-p 00000000 00:00 0 
7f53d0855000-7f53d0856000 ---p 00000000 00:00 0 
7f53d0856000-7f53d0957000 rw-p 00000000 00:00 0 
7f53d0957000-7f53d095b000 ---p 00000000 00:00 0 
7f53d095b000-7f53d0a58000 rw-p 00000000 00:00 0 
7f53d0a58000-7f53d0a6e000 r-xp 00000000 08:01 5117122                    /usr/lib/jvm/java-11-oracle/lib/libnet.so
7f53d0a6e000-7f53d0c6e000 ---p 00016000 08:01 5117122                    /usr/lib/jvm/java-11-oracle/lib/libnet.so
7f53d0c6e000-7f53d0c6f000 r--p 00016000 08:01 5117122                    /usr/lib/jvm/java-11-oracle/lib/libnet.so
7f53d0c6f000-7f53d0c70000 rw-p 00017000 08:01 5117122                    /usr/lib/jvm/java-11-oracle/lib/libnet.so
7f53d0c70000-7f53d0c80000 r-xp 00000000 08:01 5117123                    /usr/lib/jvm/java-11-oracle/lib/libnio.so
7f53d0c80000-7f53d0e7f000 ---p 00010000 08:01 5117123                    /usr/lib/jvm/java-11-oracle/lib/libnio.so
7f53d0e7f000-7f53d0e80000 r--p 0000f000 08:01 5117123                    /usr/lib/jvm/java-11-oracle/lib/libnio.so
7f53d0e80000-7f53d0e81000 rw-p 00010000 08:01 5117123                    /usr/lib/jvm/java-11-oracle/lib/libnio.so
7f53d0e81000-7f53d1850000 r--p 00000000 08:01 5118660                    /usr/lib/locale/locale-archive
7f53d1850000-7f53d1cf8000 rw-p 00000000 00:00 0 
7f53d1cf8000-7f53d2c28000 ---p 00000000 00:00 0 
7f53d2c28000-7f53d30d0000 rw-p 00000000 00:00 0 
7f53d30d0000-7f53d4000000 ---p 00000000 00:00 0 
7f53d4000000-7f53d4021000 rw-p 00000000 00:00 0 
7f53d4021000-7f53d8000000 ---p 00000000 00:00 0 
7f53d803d000-7f53d8041000 ---p 00000000 00:00 0 
7f53d8041000-7f53d813e000 rw-p 00000000 00:00 0 
7f53d813e000-7f53d813f000 ---p 00000000 00:00 0 
7f53d813f000-7f53d8240000 rw-p 00000000 00:00 0 
7f53d8240000-7f53d8244000 ---p 00000000 00:00 0 
7f53d8244000-7f53d8341000 rw-p 00000000 00:00 0 
7f53d8341000-7f53d8345000 ---p 00000000 00:00 0 
7f53d8345000-7f53d8982000 rw-p 00000000 00:00 0 
7f53d8982000-7f53d8c42000 ---p 00000000 00:00 0 
7f53d8c42000-7f53d8eb2000 rwxp 00000000 00:00 0 
7f53d8eb2000-7f53d91d2000 ---p 00000000 00:00 0 
7f53d91d2000-7f53d9442000 rwxp 00000000 00:00 0 
7f53d9442000-7f53e070a000 ---p 00000000 00:00 0 
7f53e070a000-7f53e097a000 rwxp 00000000 00:00 0 
7f53e097a000-7f53e7c42000 ---p 00000000 00:00 0 
7f53e7c42000-7f53f0000000 r--s 00000000 08:01 5117133                    /usr/lib/jvm/java-11-oracle/lib/modules
7f53f0000000-7f53f02ac000 rw-p 00000000 00:00 0 
7f53f02ac000-7f53f4000000 ---p 00000000 00:00 0 
7f53f40fe000-7f53f4102000 ---p 00000000 00:00 0 
7f53f4102000-7f53f41ff000 rw-p 00000000 00:00 0 
7f53f41ff000-7f53f4203000 ---p 00000000 00:00 0 
7f53f4203000-7f53f4300000 rw-p 00000000 00:00 0 
7f53f4300000-7f53f4304000 ---p 00000000 00:00 0 
7f53f4304000-7f53f4401000 rw-p 00000000 00:00 0 
7f53f4401000-7f53f4405000 ---p 00000000 00:00 0 
7f53f4405000-7f53f4502000 rw-p 00000000 00:00 0 
7f53f4502000-7f53f4506000 ---p 00000000 00:00 0 
7f53f4506000-7f53f4603000 rw-p 00000000 00:00 0 
7f53f4603000-7f53f4604000 ---p 00000000 00:00 0 
7f53f4604000-7f53f47e1000 rw-p 00000000 00:00 0 
7f53f47e1000-7f53f47e2000 ---p 00000000 00:00 0 
7f53f47e2000-7f53f48e3000 rw-p 00000000 00:00 0 
7f53f48e3000-7f53f48e4000 ---p 00000000 00:00 0 
7f53f48e4000-7f53f4de9000 rw-p 00000000 00:00 0 
7f53f4de9000-7f53f4dea000 ---p 00000000 00:00 0 
7f53f4dea000-7f53f4eeb000 rw-p 00000000 00:00 0 
7f53f4eeb000-7f53f4eec000 ---p 00000000 00:00 0 
7f53f4eec000-7f53f5082000 rw-p 00000000 00:00 0 
7f53f5082000-7f53f5268000 ---p 00000000 00:00 0 
7f53f5268000-7f53f52fd000 rw-p 00000000 00:00 0 
7f53f52fd000-7f53f54e3000 ---p 00000000 00:00 0 
7f53f54e3000-7f53f5578000 rw-p 00000000 00:00 0 
7f53f5578000-7f53f575e000 ---p 00000000 00:00 0 
7f53f575e000-7f53f5b62000 rw-p 00000000 00:00 0 
7f53f5b62000-7f53f5b63000 ---p 00000000 00:00 0 
7f53f5b63000-7f53f5c69000 rw-p 00000000 00:00 0 
7f53f5c69000-7f53f5d4f000 ---p 00000000 00:00 0 
7f53f5d4f000-7f53f5d54000 rw-p 00000000 00:00 0 
7f53f5d54000-7f53f5e3a000 ---p 00000000 00:00 0 
7f53f5e3a000-7f53f5e55000 r-xp 00000000 08:01 5117114                    /usr/lib/jvm/java-11-oracle/lib/libjimage.so
7f53f5e55000-7f53f6054000 ---p 0001b000 08:01 5117114                    /usr/lib/jvm/java-11-oracle/lib/libjimage.so
7f53f6054000-7f53f6056000 r--p 0001a000 08:01 5117114                    /usr/lib/jvm/java-11-oracle/lib/libjimage.so
7f53f6056000-7f53f6057000 rw-p 0001c000 08:01 5117114                    /usr/lib/jvm/java-11-oracle/lib/libjimage.so
7f53f6057000-7f53f605e000 r-xp 00000000 08:01 5117132                    /usr/lib/jvm/java-11-oracle/lib/libzip.so
7f53f605e000-7f53f625d000 ---p 00007000 08:01 5117132                    /usr/lib/jvm/java-11-oracle/lib/libzip.so
7f53f625d000-7f53f625e000 r--p 00006000 08:01 5117132                    /usr/lib/jvm/java-11-oracle/lib/libzip.so
7f53f625e000-7f53f625f000 rw-p 00007000 08:01 5117132                    /usr/lib/jvm/java-11-oracle/lib/libzip.so
7f53f625f000-7f53f626a000 r-xp 00000000 08:01 3412934                    /lib/x86_64-linux-gnu/libnss_files-2.27.so
7f53f626a000-7f53f6469000 ---p 0000b000 08:01 3412934                    /lib/x86_64-linux-gnu/libnss_files-2.27.so
7f53f6469000-7f53f646a000 r--p 0000a000 08:01 3412934                    /lib/x86_64-linux-gnu/libnss_files-2.27.so
7f53f646a000-7f53f646b000 rw-p 0000b000 08:01 3412934                    /lib/x86_64-linux-gnu/libnss_files-2.27.so
7f53f646b000-7f53f6471000 rw-p 00000000 00:00 0 
7f53f6471000-7f53f6488000 r-xp 00000000 08:01 3412928                    /lib/x86_64-linux-gnu/libnsl-2.27.so
7f53f6488000-7f53f6687000 ---p 00017000 08:01 3412928                    /lib/x86_64-linux-gnu/libnsl-2.27.so
7f53f6687000-7f53f6688000 r--p 00016000 08:01 3412928                    /lib/x86_64-linux-gnu/libnsl-2.27.so
7f53f6688000-7f53f6689000 rw-p 00017000 08:01 3412928                    /lib/x86_64-linux-gnu/libnsl-2.27.so
7f53f6689000-7f53f668b000 rw-p 00000000 00:00 0 
7f53f668b000-7f53f6696000 r-xp 00000000 08:01 3412945                    /lib/x86_64-linux-gnu/libnss_nis-2.27.so
7f53f6696000-7f53f6895000 ---p 0000b000 08:01 3412945                    /lib/x86_64-linux-gnu/libnss_nis-2.27.so
7f53f6895000-7f53f6896000 r--p 0000a000 08:01 3412945                    /lib/x86_64-linux-gnu/libnss_nis-2.27.so
7f53f6896000-7f53f6897000 rw-p 0000b000 08:01 3412945                    /lib/x86_64-linux-gnu/libnss_nis-2.27.so
7f53f6897000-7f53f689f000 r-xp 00000000 08:01 3412930                    /lib/x86_64-linux-gnu/libnss_compat-2.27.so
7f53f689f000-7f53f6a9f000 ---p 00008000 08:01 3412930                    /lib/x86_64-linux-gnu/libnss_compat-2.27.so
7f53f6a9f000-7f53f6aa0000 r--p 00008000 08:01 3412930                    /lib/x86_64-linux-gnu/libnss_compat-2.27.so
7f53f6aa0000-7f53f6aa1000 rw-p 00009000 08:01 3412930                    /lib/x86_64-linux-gnu/libnss_compat-2.27.so
7f53f6aa1000-7f53f6aca000 r-xp 00000000 08:01 5117110                    /usr/lib/jvm/java-11-oracle/lib/libjava.so
7f53f6aca000-7f53f6cca000 ---p 00029000 08:01 5117110                    /usr/lib/jvm/java-11-oracle/lib/libjava.so
7f53f6cca000-7f53f6ccb000 r--p 00029000 08:01 5117110                    /usr/lib/jvm/java-11-oracle/lib/libjava.so
7f53f6ccb000-7f53f6ccd000 rw-p 0002a000 08:01 5117110                    /usr/lib/jvm/java-11-oracle/lib/libjava.so
7f53f6ccd000-7f53f6cda000 r-xp 00000000 08:01 5117131                    /usr/lib/jvm/java-11-oracle/lib/libverify.so
7f53f6cda000-7f53f6ed9000 ---p 0000d000 08:01 5117131                    /usr/lib/jvm/java-11-oracle/lib/libverify.so
7f53f6ed9000-7f53f6edb000 r--p 0000c000 08:01 5117131                    /usr/lib/jvm/java-11-oracle/lib/libverify.so
7f53f6edb000-7f53f6edc000 rw-p 0000e000 08:01 5117131                    /usr/lib/jvm/java-11-oracle/lib/libverify.so
7f53f6edc000-7f53f6ee3000 r-xp 00000000 08:01 3412985                    /lib/x86_64-linux-gnu/librt-2.27.so
7f53f6ee3000-7f53f70e2000 ---p 00007000 08:01 3412985                    /lib/x86_64-linux-gnu/librt-2.27.so
7f53f70e2000-7f53f70e3000 r--p 00006000 08:01 3412985                    /lib/x86_64-linux-gnu/librt-2.27.so
7f53f70e3000-7f53f70e4000 rw-p 00007000 08:01 3412985                    /lib/x86_64-linux-gnu/librt-2.27.so
7f53f70e4000-7f53f7281000 r-xp 00000000 08:01 3412907                    /lib/x86_64-linux-gnu/libm-2.27.so
7f53f7281000-7f53f7480000 ---p 0019d000 08:01 3412907                    /lib/x86_64-linux-gnu/libm-2.27.so
7f53f7480000-7f53f7481000 r--p 0019c000 08:01 3412907                    /lib/x86_64-linux-gnu/libm-2.27.so
7f53f7481000-7f53f7482000 rw-p 0019d000 08:01 3412907                    /lib/x86_64-linux-gnu/libm-2.27.so
7f53f7482000-7f53f85c1000 r-xp 00000000 08:01 5117151                    /usr/lib/jvm/java-11-oracle/lib/server/libjvm.so
7f53f85c1000-7f53f87c1000 ---p 0113f000 08:01 5117151                    /usr/lib/jvm/java-11-oracle/lib/server/libjvm.so
7f53f87c1000-7f53f8880000 r--p 0113f000 08:01 5117151                    /usr/lib/jvm/java-11-oracle/lib/server/libjvm.so
7f53f8880000-7f53f88b9000 rw-p 011fe000 08:01 5117151                    /usr/lib/jvm/java-11-oracle/lib/server/libjvm.so
7f53f88b9000-7f53f890f000 rw-p 00000000 00:00 0 
7f53f890f000-7f53f8af6000 r-xp 00000000 08:01 3412844                    /lib/x86_64-linux-gnu/libc-2.27.so
7f53f8af6000-7f53f8cf6000 ---p 001e7000 08:01 3412844                    /lib/x86_64-linux-gnu/libc-2.27.so
7f53f8cf6000-7f53f8cfa000 r--p 001e7000 08:01 3412844                    /lib/x86_64-linux-gnu/libc-2.27.so
7f53f8cfa000-7f53f8cfc000 rw-p 001eb000 08:01 3412844                    /lib/x86_64-linux-gnu/libc-2.27.so
7f53f8cfc000-7f53f8d00000 rw-p 00000000 00:00 0 
7f53f8d00000-7f53f8d03000 r-xp 00000000 08:01 3412867                    /lib/x86_64-linux-gnu/libdl-2.27.so
7f53f8d03000-7f53f8f02000 ---p 00003000 08:01 3412867                    /lib/x86_64-linux-gnu/libdl-2.27.so
7f53f8f02000-7f53f8f03000 r--p 00002000 08:01 3412867                    /lib/x86_64-linux-gnu/libdl-2.27.so
7f53f8f03000-7f53f8f04000 rw-p 00003000 08:01 3412867                    /lib/x86_64-linux-gnu/libdl-2.27.so
7f53f8f04000-7f53f8f14000 r-xp 00000000 08:01 5117142                    /usr/lib/jvm/java-11-oracle/lib/jli/libjli.so
7f53f8f14000-7f53f9113000 ---p 00010000 08:01 5117142                    /usr/lib/jvm/java-11-oracle/lib/jli/libjli.so
7f53f9113000-7f53f9114000 r--p 0000f000 08:01 5117142                    /usr/lib/jvm/java-11-oracle/lib/jli/libjli.so
7f53f9114000-7f53f9115000 rw-p 00010000 08:01 5117142                    /usr/lib/jvm/java-11-oracle/lib/jli/libjli.so
7f53f9115000-7f53f912f000 r-xp 00000000 08:01 3412977                    /lib/x86_64-linux-gnu/libpthread-2.27.so
7f53f912f000-7f53f932e000 ---p 0001a000 08:01 3412977                    /lib/x86_64-linux-gnu/libpthread-2.27.so
7f53f932e000-7f53f932f000 r--p 00019000 08:01 3412977                    /lib/x86_64-linux-gnu/libpthread-2.27.so
7f53f932f000-7f53f9330000 rw-p 0001a000 08:01 3412977                    /lib/x86_64-linux-gnu/libpthread-2.27.so
7f53f9330000-7f53f9334000 rw-p 00000000 00:00 0 
7f53f9334000-7f53f9350000 r-xp 00000000 08:01 3413016                    /lib/x86_64-linux-gnu/libz.so.1.2.11
7f53f9350000-7f53f954f000 ---p 0001c000 08:01 3413016                    /lib/x86_64-linux-gnu/libz.so.1.2.11
7f53f954f000-7f53f9550000 r--p 0001b000 08:01 3413016                    /lib/x86_64-linux-gnu/libz.so.1.2.11
7f53f9550000-7f53f9551000 rw-p 0001c000 08:01 3413016                    /lib/x86_64-linux-gnu/libz.so.1.2.11
7f53f9551000-7f53f9578000 r-xp 00000000 08:01 3412816                    /lib/x86_64-linux-gnu/ld-2.27.so
7f53f9594000-7f53f965a000 rw-p 00000000 00:00 0 
7f53f965a000-7f53f965e000 ---p 00000000 00:00 0 
7f53f965e000-7f53f975f000 rw-p 00000000 00:00 0 
7f53f9762000-7f53f9767000 rw-p 00000000 00:00 0 
7f53f9767000-7f53f976e000 ---p 00000000 00:00 0 
7f53f976e000-7f53f9776000 rw-s 00000000 08:01 3673074                    /tmp/hsperfdata_marcos/11761
7f53f9776000-7f53f9777000 ---p 00000000 00:00 0 
7f53f9777000-7f53f9778000 r--p 00000000 00:00 0 
7f53f9778000-7f53f9779000 r--p 00027000 08:01 3412816                    /lib/x86_64-linux-gnu/ld-2.27.so
7f53f9779000-7f53f977a000 rw-p 00028000 08:01 3412816                    /lib/x86_64-linux-gnu/ld-2.27.so
7f53f977a000-7f53f977b000 rw-p 00000000 00:00 0 
7fff30bcd000-7fff30bef000 rw-p 00000000 00:00 0                          [stack]
7fff30bf4000-7fff30bf7000 r--p 00000000 00:00 0                          [vvar]
7fff30bf7000-7fff30bf9000 r-xp 00000000 00:00 0                          [vdso]
ffffffffff600000-ffffffffff601000 r-xp 00000000 00:00 0                  [vsyscall]


VM Arguments:
jvm_args: -Dfile.encoding=UTF-8 
java_command: lexer.LexerAluno
java_class_path (initial): /home/marcos/NetBeansProjects/javazinho/build/classes
Launcher Type: SUN_STANDARD

[Global flags]
     intx CICompilerCount                          = 3                                         {product} {ergonomic}
     uint ConcGCThreads                            = 1                                         {product} {ergonomic}
     uint G1ConcRefinementThreads                  = 4                                         {product} {ergonomic}
   size_t G1HeapRegionSize                         = 1048576                                   {product} {ergonomic}
    uintx GCDrainStackTargetSize                   = 64                                        {product} {ergonomic}
   size_t InitialHeapSize                          = 83886080                                  {product} {ergonomic}
   size_t MarkStackSize                            = 4194304                                   {product} {ergonomic}
   size_t MaxHeapSize                              = 1331691520                                {product} {ergonomic}
   size_t MaxNewSize                               = 799014912                                 {product} {ergonomic}
   size_t MinHeapDeltaBytes                        = 1048576                                   {product} {ergonomic}
    uintx NonNMethodCodeHeapSize                   = 5830092                                {pd product} {ergonomic}
    uintx NonProfiledCodeHeapSize                  = 122914074                              {pd product} {ergonomic}
    uintx ProfiledCodeHeapSize                     = 122914074                              {pd product} {ergonomic}
    uintx ReservedCodeCacheSize                    = 251658240                              {pd product} {ergonomic}
     bool SegmentedCodeCache                       = true                                      {product} {ergonomic}
     bool UseCompressedClassPointers               = true                                 {lp64_product} {ergonomic}
     bool UseCompressedOops                        = true                                 {lp64_product} {ergonomic}
     bool UseG1GC                                  = true                                      {product} {ergonomic}

Logging:
Log output configuration:
 #0: stdout all=warning uptime,level,tags
 #1: stderr all=off uptime,level,tags

Environment Variables:
JAVA_HOME=/usr/lib/jvm/java-11-oracle
PATH=/usr/local/sbin:/usr/local/bin:/usr/local/ssl/bin:/usr/sbin:/usr/bin:/sbin:/bin:/usr/games:/usr/local/games:/snap/bin:/usr/lib/jvm/java-11-oracle/bin:/usr/lib/jvm/java-11-oracle/db/bin
USERNAME=marcos
SHELL=/bin/bash
DISPLAY=:0

Signal Handlers:
SIGSEGV: [libjvm.so+0xe2adf0], sa_mask[0]=11111111011111111101111111111110, sa_flags=SA_RESTART|SA_SIGINFO
SIGBUS: [libjvm.so+0xe2adf0], sa_mask[0]=11111111011111111101111111111110, sa_flags=SA_RESTART|SA_SIGINFO
SIGFPE: [libjvm.so+0xe2adf0], sa_mask[0]=11111111011111111101111111111110, sa_flags=SA_RESTART|SA_SIGINFO
SIGPIPE: [libjvm.so+0xbff5b0], sa_mask[0]=11111111011111111101111111111110, sa_flags=SA_RESTART|SA_SIGINFO
SIGXFSZ: [libjvm.so+0xbff5b0], sa_mask[0]=11111111011111111101111111111110, sa_flags=SA_RESTART|SA_SIGINFO
SIGILL: [libjvm.so+0xe2adf0], sa_mask[0]=11111111011111111101111111111110, sa_flags=SA_RESTART|SA_SIGINFO
SIGUSR2: [libjvm.so+0xbff450], sa_mask[0]=00100000000000000000000000000000, sa_flags=SA_RESTART|SA_SIGINFO
SIGHUP: [libjvm.so+0xbff7b0], sa_mask[0]=11111111011111111101111111111110, sa_flags=SA_RESTART|SA_SIGINFO
SIGINT: SIG_IGN, sa_mask[0]=00000000000000000000000000000000, sa_flags=none
SIGTERM: [libjvm.so+0xbff7b0], sa_mask[0]=11111111011111111101111111111110, sa_flags=SA_RESTART|SA_SIGINFO
SIGQUIT: [libjvm.so+0xbff7b0], sa_mask[0]=11111111011111111101111111111110, sa_flags=SA_RESTART|SA_SIGINFO


---------------  S Y S T E M  ---------------

OS:DISTRIB_ID=Ubuntu
DISTRIB_RELEASE=18.04
DISTRIB_CODENAME=bionic
DISTRIB_DESCRIPTION="Ubuntu 18.04.2 LTS"
uname:Linux 4.15.0-46-generic #49-Ubuntu SMP Wed Feb 6 09:33:07 UTC 2019 x86_64
libc:glibc 2.27 NPTL 2.27 
rlimit: STACK 8192k, CORE 0k, NPROC 20111, NOFILE 4096, AS infinity, DATA infinity, FSIZE infinity
load average:20,51 11,31 5,33

/proc/meminfo:
MemTotal:        5194252 kB
MemFree:          103520 kB
MemAvailable:      29592 kB
Buffers:            3160 kB
Cached:           279676 kB
SwapCached:         3236 kB
Active:          4089792 kB
Inactive:         709276 kB
Active(anon):    4063664 kB
Inactive(anon):   677144 kB
Active(file):      26128 kB
Inactive(file):    32132 kB
Unevictable:         108 kB
Mlocked:             108 kB
SwapTotal:       2097148 kB
SwapFree:            348 kB
Dirty:               396 kB
Writeback:           728 kB
AnonPages:       4513720 kB
Mapped:           241476 kB
Shmem:            224268 kB
Slab:              96708 kB
SReclaimable:      40164 kB
SUnreclaim:        56544 kB
KernelStack:       20608 kB
PageTables:        85516 kB
NFS_Unstable:          0 kB
Bounce:                0 kB
WritebackTmp:          0 kB
CommitLimit:     4694272 kB
Committed_AS:   15722668 kB
VmallocTotal:   34359738367 kB
VmallocUsed:           0 kB
VmallocChunk:          0 kB
HardwareCorrupted:     0 kB
AnonHugePages:         0 kB
ShmemHugePages:        0 kB
ShmemPmdMapped:        0 kB
CmaTotal:              0 kB
CmaFree:               0 kB
HugePages_Total:       0
HugePages_Free:        0
HugePages_Rsvd:        0
HugePages_Surp:        0
Hugepagesize:       2048 kB
DirectMap4k:      233408 kB
DirectMap2M:     5134336 kB


/proc/sys/kernel/threads-max (system-wide limit on the number of threads):
40223


/proc/sys/vm/max_map_count (maximum number of memory map areas a process may have):
65530


/proc/sys/kernel/pid_max (system-wide limit on number of process identifiers):
32768



container (cgroup) information:
container_type: cgroupv1
cpu_cpuset_cpus: 0-3
cpu_memory_nodes: 0
active_processor_count: 4
cpu_quota: -1
cpu_period: 100000
cpu_shares: -1
memory_limit_in_bytes: -1
memory_and_swap_limit_in_bytes: -2
memory_soft_limit_in_bytes: -1
memory_usage_in_bytes: 4913373184
memory_max_usage_in_bytes: 0


CPU:total 4 (initial active 4) (4 cores per cpu, 1 threads per core) family 6 model 58 stepping 9, cmov, cx8, fxsr, mmx, sse, sse2, sse3, ssse3, sse4.1, sse4.2, popcnt, avx, aes, clmul, tsc, tscinvbit, tscinv
CPU Model and flags from /proc/cpuinfo:
model name	: Intel(R) Core(TM) i7-3770 CPU @ 3.40GHz
flags		: fpu vme de pse tsc msr pae mce cx8 apic sep mtrr pge mca cmov pat pse36 clflush mmx fxsr sse sse2 ht syscall nx rdtscp lm constant_tsc rep_good nopl xtopology nonstop_tsc cpuid pni pclmulqdq ssse3 cx16 pcid sse4_1 sse4_2 x2apic popcnt aes xsave avx rdrand hypervisor lahf_lm pti fsgsbase

Memory: 4k page, physical 5194252k(103520k free), swap 2097148k(348k free)

vm_info: Java HotSpot(TM) 64-Bit Server VM (11.0.2+9-LTS) for linux-amd64 JRE (11.0.2+9-LTS), built on Jan 17 2019 21:22:50 by "mach5one" with gcc 7.3.0

END.
